TN:
SF:renderer/app.js
FN:7,(anonymous_0)
FN:25,(anonymous_1)
FN:44,(anonymous_2)
FN:53,(anonymous_3)
FN:59,(anonymous_4)
FN:69,(anonymous_5)
FN:75,(anonymous_6)
FN:86,(anonymous_7)
FN:90,(anonymous_8)
FN:94,(anonymous_9)
FN:105,(anonymous_10)
FN:112,(anonymous_11)
FN:128,(anonymous_12)
FN:133,(anonymous_13)
FN:141,(anonymous_14)
FN:145,(anonymous_15)
FN:151,(anonymous_16)
FN:155,(anonymous_17)
FNF:18
FNH:0
FNDA:0,(anonymous_0)
FNDA:0,(anonymous_1)
FNDA:0,(anonymous_2)
FNDA:0,(anonymous_3)
FNDA:0,(anonymous_4)
FNDA:0,(anonymous_5)
FNDA:0,(anonymous_6)
FNDA:0,(anonymous_7)
FNDA:0,(anonymous_8)
FNDA:0,(anonymous_9)
FNDA:0,(anonymous_10)
FNDA:0,(anonymous_11)
FNDA:0,(anonymous_12)
FNDA:0,(anonymous_13)
FNDA:0,(anonymous_14)
FNDA:0,(anonymous_15)
FNDA:0,(anonymous_16)
FNDA:0,(anonymous_17)
DA:7,0
DA:8,0
DA:11,0
DA:14,0
DA:15,0
DA:16,0
DA:17,0
DA:18,0
DA:23,0
DA:25,0
DA:26,0
DA:27,0
DA:29,0
DA:32,0
DA:35,0
DA:38,0
DA:40,0
DA:44,0
DA:45,0
DA:53,0
DA:54,0
DA:55,0
DA:59,0
DA:61,0
DA:62,0
DA:65,0
DA:69,0
DA:70,0
DA:72,0
DA:75,0
DA:76,0
DA:77,0
DA:78,0
DA:86,0
DA:87,0
DA:90,0
DA:91,0
DA:94,0
DA:95,0
DA:96,0
DA:98,0
DA:99,0
DA:101,0
DA:105,0
DA:106,0
DA:107,0
DA:112,0
DA:114,0
DA:115,0
DA:116,0
DA:117,0
DA:125,0
DA:128,0
DA:129,0
DA:133,0
DA:134,0
DA:136,0
DA:141,0
DA:142,0
DA:145,0
DA:147,0
DA:151,0
DA:152,0
DA:155,0
DA:156,0
DA:160,0
LF:66
LH:0
BRDA:25,0,0,0
BRDA:26,1,0,0
BRDA:26,1,1,0
BRDA:38,2,0,0
BRDA:38,2,1,0
BRDA:40,3,0,0
BRDA:40,3,1,0
BRDA:61,4,0,0
BRDA:61,4,1,0
BRDA:76,5,0,0
BRDA:76,5,1,0
BRDA:96,6,0,0
BRDA:96,6,1,0
BRDA:98,7,0,0
BRDA:98,7,1,0
BRDA:106,8,0,0
BRDA:106,8,1,0
BRDA:114,9,0,0
BRDA:114,9,1,0
BRDA:115,10,0,0
BRDA:115,10,1,0
BRDA:136,11,0,0
BRDA:136,11,1,0
BRF:23
BRH:0
end_of_record
TN:
SF:renderer/blur-worker.js
FN:16,smoothstep
FN:25,fractalNoise
FN:41,applyNeuralProcessing
FN:139,(anonymous_3)
FN:172,(anonymous_4)
FNF:5
FNH:0
FNDA:0,smoothstep
FNDA:0,fractalNoise
FNDA:0,applyNeuralProcessing
FNDA:0,(anonymous_3)
FNDA:0,(anonymous_4)
DA:8,0
DA:10,0
DA:17,0
DA:18,0
DA:27,0
DA:30,0
DA:32,0
DA:42,0
DA:43,0
DA:44,0
DA:47,0
DA:48,0
DA:49,0
DA:53,0
DA:55,0
DA:57,0
DA:58,0
DA:59,0
DA:60,0
DA:63,0
DA:64,0
DA:65,0
DA:66,0
DA:67,0
DA:70,0
DA:71,0
DA:72,0
DA:73,0
DA:78,0
DA:85,0
DA:86,0
DA:88,0
DA:89,0
DA:90,0
DA:93,0
DA:94,0
DA:95,0
DA:98,0
DA:99,0
DA:101,0
DA:103,0
DA:104,0
DA:107,0
DA:110,0
DA:111,0
DA:114,0
DA:115,0
DA:119,0
DA:120,0
DA:121,0
DA:123,0
DA:124,0
DA:125,0
DA:128,0
DA:129,0
DA:130,0
DA:131,0
DA:136,0
DA:139,0
DA:140,0
DA:142,0
DA:143,0
DA:147,0
DA:151,0
DA:156,0
DA:157,0
DA:160,0
DA:161,0
DA:164,0
DA:165,0
DA:168,0
DA:172,0
DA:176,0
DA:178,0
DA:186,0
LF:75
LH:0
BRDA:55,0,0,0
BRDA:55,0,1,0
BRDA:78,1,0,0
BRDA:78,1,1,0
BRDA:143,2,0,0
BRDA:143,2,1,0
BRF:6
BRH:0
end_of_record
TN:
SF:renderer/citation-export.js
FN:76,generateCitation
FN:89,buildMetadata
FN:113,(anonymous_2)
FN:151,(anonymous_3)
FN:169,embedMetadata
FN:170,(anonymous_5)
FN:173,(anonymous_6)
FN:196,(anonymous_7)
FN:197,(anonymous_8)
FN:208,extractMetadata
FN:209,(anonymous_10)
FN:216,(anonymous_11)
FN:245,saveWithMetadata
FN:259,generateSidecar
FNF:14
FNH:0
FNDA:0,generateCitation
FNDA:0,buildMetadata
FNDA:0,(anonymous_2)
FNDA:0,(anonymous_3)
FNDA:0,embedMetadata
FNDA:0,(anonymous_5)
FNDA:0,(anonymous_6)
FNDA:0,(anonymous_7)
FNDA:0,(anonymous_8)
FNDA:0,extractMetadata
FNDA:0,(anonymous_10)
FNDA:0,(anonymous_11)
FNDA:0,saveWithMetadata
FNDA:0,generateSidecar
DA:23,0
DA:24,0
DA:25,0
DA:28,0
DA:29,0
DA:31,0
DA:32,0
DA:33,0
DA:35,0
DA:38,0
DA:39,0
DA:40,0
DA:42,0
DA:48,0
DA:77,0
DA:78,0
DA:79,0
DA:81,0
DA:101,0
DA:104,0
DA:108,0
DA:109,0
DA:110,0
DA:112,0
DA:113,0
DA:114,0
DA:117,0
DA:118,0
DA:119,0
DA:120,0
DA:121,0
DA:125,0
DA:127,0
DA:151,0
DA:156,0
DA:157,0
DA:160,0
DA:170,0
DA:171,0
DA:173,0
DA:174,0
DA:175,0
DA:176,0
DA:180,0
DA:184,0
DA:186,0
DA:187,0
DA:188,0
DA:193,0
DA:194,0
DA:196,0
DA:197,0
DA:198,0
DA:209,0
DA:210,0
DA:212,0
DA:216,0
DA:217,0
DA:218,0
DA:219,0
DA:222,0
DA:225,0
DA:226,0
DA:227,0
DA:233,0
DA:246,0
DA:247,0
DA:248,0
DA:249,0
DA:260,0
DA:261,0
DA:263,0
DA:285,0
DA:286,0
DA:287,0
DA:290,0
LF:76
LH:0
BRDA:77,0,0,0
BRDA:77,0,1,0
BRDA:77,1,0,0
BRDA:77,1,1,0
BRDA:78,2,0,0
BRDA:78,2,1,0
BRDA:89,3,0,0
BRDA:91,4,0,0
BRDA:92,5,0,0
BRDA:93,6,0,0
BRDA:94,7,0,0
BRDA:95,8,0,0
BRDA:97,9,0,0
BRDA:98,10,0,0
BRDA:99,11,0,0
BRDA:100,12,0,0
BRDA:104,13,0,0
BRDA:104,13,1,0
BRDA:105,14,0,0
BRDA:105,14,1,0
BRDA:112,15,0,0
BRDA:112,15,1,0
BRDA:112,16,0,0
BRDA:112,16,1,0
BRDA:114,17,0,0
BRDA:114,17,1,0
BRDA:117,18,0,0
BRDA:117,18,1,0
BRDA:119,19,0,0
BRDA:119,19,1,0
BRDA:119,19,2,0
BRDA:120,20,0,0
BRDA:120,20,1,0
BRDA:121,21,0,0
BRDA:121,21,1,0
BRDA:146,22,0,0
BRDA:146,22,1,0
BRDA:147,23,0,0
BRDA:147,23,1,0
BRDA:156,24,0,0
BRDA:156,24,1,0
BRDA:169,25,0,0
BRDA:174,26,0,0
BRDA:174,26,1,0
BRDA:184,27,0,0
BRDA:184,27,1,0
BRDA:187,28,0,0
BRDA:187,28,1,0
BRDA:212,29,0,0
BRDA:212,29,1,0
BRDA:217,30,0,0
BRDA:217,30,1,0
BRDA:222,31,0,0
BRDA:222,31,1,0
BRDA:225,32,0,0
BRDA:225,32,1,0
BRDA:245,33,0,0
BRDA:259,34,0,0
BRF:58
BRH:0
end_of_record
TN:
SF:renderer/color-saliency-map.js
FN:13,(anonymous_0)
FN:23,(anonymous_1)
FN:46,(anonymous_2)
FN:120,(anonymous_3)
FN:125,(anonymous_4)
FNF:5
FNH:5
FNDA:24,(anonymous_0)
FNDA:17,(anonymous_1)
FNDA:9,(anonymous_2)
FNDA:2,(anonymous_3)
FNDA:3,(anonymous_4)
DA:14,24
DA:15,24
DA:16,24
DA:18,24
DA:19,24
DA:20,24
DA:27,17
DA:28,17
DA:31,17
DA:33,17
DA:34,17
DA:36,17
DA:37,16
DA:38,16
DA:39,16
DA:40,16
DA:42,16
DA:48,9
DA:51,9
DA:52,9
DA:53,9
DA:59,9
DA:60,9
DA:63,9
DA:64,9
DA:65,9
DA:68,9
DA:69,144
DA:70,144
DA:71,144
DA:74,144
DA:77,144
DA:78,144
DA:81,144
DA:83,144
DA:84,144
DA:88,9
DA:91,9
DA:92,1
DA:95,9
DA:97,144
DA:100,144
DA:102,144
DA:103,144
DA:104,144
DA:105,144
DA:106,144
DA:109,9
DA:112,9
DA:121,2
DA:122,2
DA:126,3
DA:130,1
LF:53
LH:53
BRDA:31,0,0,16
BRDA:31,0,1,1
BRDA:36,1,0,16
BRDA:36,1,1,1
BRDA:36,2,0,17
BRDA:36,2,1,1
BRDA:84,3,0,7
BRDA:84,3,1,137
BRDA:88,4,0,2
BRDA:88,4,1,7
BRDA:91,5,0,1
BRDA:91,5,1,8
BRF:12
BRH:12
end_of_record
TN:
SF:renderer/complexity-hud.js
FN:15,(anonymous_0)
FN:23,scoreColor
FN:37,(anonymous_2)
FN:59,(anonymous_3)
FN:107,(anonymous_4)
FN:129,(anonymous_5)
FN:132,(anonymous_6)
FN:135,(anonymous_7)
FN:194,(anonymous_8)
FN:199,(anonymous_9)
FN:209,(anonymous_10)
FN:229,(anonymous_11)
FN:248,(anonymous_12)
FN:253,(anonymous_13)
FN:264,(anonymous_14)
FN:282,(anonymous_15)
FN:296,(anonymous_16)
FN:316,(anonymous_17)
FN:338,(anonymous_18)
FN:348,(anonymous_19)
FN:364,(anonymous_20)
FN:382,(anonymous_21)
FN:384,(anonymous_22)
FN:401,(anonymous_23)
FN:402,(anonymous_24)
FN:422,(anonymous_25)
FN:427,(anonymous_26)
FN:440,(anonymous_27)
FN:442,(anonymous_28)
FN:460,(anonymous_29)
FN:469,(anonymous_30)
FN:502,(anonymous_31)
FN:511,(anonymous_32)
FN:522,(anonymous_33)
FNF:34
FNH:0
FNDA:0,(anonymous_0)
FNDA:0,scoreColor
FNDA:0,(anonymous_2)
FNDA:0,(anonymous_3)
FNDA:0,(anonymous_4)
FNDA:0,(anonymous_5)
FNDA:0,(anonymous_6)
FNDA:0,(anonymous_7)
FNDA:0,(anonymous_8)
FNDA:0,(anonymous_9)
FNDA:0,(anonymous_10)
FNDA:0,(anonymous_11)
FNDA:0,(anonymous_12)
FNDA:0,(anonymous_13)
FNDA:0,(anonymous_14)
FNDA:0,(anonymous_15)
FNDA:0,(anonymous_16)
FNDA:0,(anonymous_17)
FNDA:0,(anonymous_18)
FNDA:0,(anonymous_19)
FNDA:0,(anonymous_20)
FNDA:0,(anonymous_21)
FNDA:0,(anonymous_22)
FNDA:0,(anonymous_23)
FNDA:0,(anonymous_24)
FNDA:0,(anonymous_25)
FNDA:0,(anonymous_26)
FNDA:0,(anonymous_27)
FNDA:0,(anonymous_28)
FNDA:0,(anonymous_29)
FNDA:0,(anonymous_30)
FNDA:0,(anonymous_31)
FNDA:0,(anonymous_32)
FNDA:0,(anonymous_33)
DA:15,0
DA:16,0
DA:24,0
DA:25,0
DA:26,0
DA:27,0
DA:38,0
DA:39,0
DA:40,0
DA:41,0
DA:44,0
DA:45,0
DA:46,0
DA:47,0
DA:48,0
DA:49,0
DA:50,0
DA:51,0
DA:53,0
DA:54,0
DA:55,0
DA:56,0
DA:60,0
DA:61,0
DA:63,0
DA:80,0
DA:81,0
DA:88,0
DA:89,0
DA:90,0
DA:92,0
DA:93,0
DA:94,0
DA:95,0
DA:96,0
DA:107,0
DA:108,0
DA:109,0
DA:110,0
DA:112,0
DA:113,0
DA:117,0
DA:118,0
DA:119,0
DA:120,0
DA:129,0
DA:130,0
DA:132,0
DA:133,0
DA:135,0
DA:136,0
DA:137,0
DA:139,0
DA:141,0
DA:144,0
DA:145,0
DA:146,0
DA:149,0
DA:150,0
DA:163,0
DA:167,0
DA:170,0
DA:171,0
DA:172,0
DA:173,0
DA:174,0
DA:177,0
DA:195,0
DA:196,0
DA:199,0
DA:200,0
DA:201,0
DA:202,0
DA:203,0
DA:209,0
DA:210,0
DA:211,0
DA:212,0
DA:213,0
DA:215,0
DA:216,0
DA:217,0
DA:230,0
DA:231,0
DA:233,0
DA:234,0
DA:237,0
DA:238,0
DA:239,0
DA:249,0
DA:250,0
DA:251,0
DA:253,0
DA:254,0
DA:255,0
DA:256,0
DA:264,0
DA:265,0
DA:266,0
DA:267,0
DA:270,0
DA:271,0
DA:272,0
DA:273,0
DA:277,0
DA:278,0
DA:279,0
DA:282,0
DA:283,0
DA:284,0
DA:285,0
DA:286,0
DA:287,0
DA:289,0
DA:297,0
DA:298,0
DA:299,0
DA:300,0
DA:301,0
DA:303,0
DA:304,0
DA:317,0
DA:318,0
DA:319,0
DA:320,0
DA:323,0
DA:326,0
DA:327,0
DA:339,0
DA:342,0
DA:343,0
DA:344,0
DA:345,0
DA:349,0
DA:350,0
DA:352,0
DA:353,0
DA:354,0
DA:357,0
DA:358,0
DA:363,0
DA:364,0
DA:366,0
DA:368,0
DA:369,0
DA:371,0
DA:372,0
DA:374,0
DA:375,0
DA:377,0
DA:378,0
DA:383,0
DA:384,0
DA:385,0
DA:388,0
DA:402,0
DA:403,0
DA:409,0
DA:423,0
DA:424,0
DA:427,0
DA:428,0
DA:429,0
DA:430,0
DA:431,0
DA:434,0
DA:440,0
DA:442,0
DA:443,0
DA:444,0
DA:449,0
DA:461,0
DA:462,0
DA:463,0
DA:464,0
DA:468,0
DA:469,0
DA:472,0
DA:476,0
DA:477,0
DA:479,0
DA:480,0
DA:481,0
DA:482,0
DA:483,0
DA:484,0
DA:485,0
DA:486,0
DA:487,0
DA:490,0
DA:503,0
DA:504,0
DA:505,0
DA:506,0
DA:512,0
DA:513,0
DA:514,0
DA:515,0
DA:523,0
DA:524,0
DA:529,0
DA:530,0
DA:532,0
LF:203
LH:0
BRDA:24,0,0,0
BRDA:24,0,1,0
BRDA:25,1,0,0
BRDA:25,1,1,0
BRDA:26,2,0,0
BRDA:26,2,1,0
BRDA:37,3,0,0
BRDA:39,4,0,0
BRDA:39,4,1,0
BRDA:44,5,0,0
BRDA:44,5,1,0
BRDA:45,6,0,0
BRDA:45,6,1,0
BRDA:108,7,0,0
BRDA:108,7,1,0
BRDA:136,8,0,0
BRDA:136,8,1,0
BRDA:137,9,0,0
BRDA:137,9,1,0
BRDA:170,10,0,0
BRDA:170,10,1,0
BRDA:195,11,0,0
BRDA:195,11,1,0
BRDA:200,12,0,0
BRDA:200,12,1,0
BRDA:201,13,0,0
BRDA:201,13,1,0
BRDA:210,14,0,0
BRDA:210,14,1,0
BRDA:210,15,0,0
BRDA:210,15,1,0
BRDA:211,16,0,0
BRDA:211,16,1,0
BRDA:213,17,0,0
BRDA:213,17,1,0
BRDA:213,17,2,0
BRDA:213,17,3,0
BRDA:215,18,0,0
BRDA:215,18,1,0
BRDA:230,19,0,0
BRDA:230,19,1,0
BRDA:230,20,0,0
BRDA:230,20,1,0
BRDA:231,21,0,0
BRDA:231,21,1,0
BRDA:234,22,0,0
BRDA:234,22,1,0
BRDA:234,22,2,0
BRDA:234,22,3,0
BRDA:237,23,0,0
BRDA:237,23,1,0
BRDA:250,24,0,0
BRDA:250,24,1,0
BRDA:254,25,0,0
BRDA:254,25,1,0
BRDA:265,26,0,0
BRDA:265,26,1,0
BRDA:270,27,0,0
BRDA:270,27,1,0
BRDA:271,28,0,0
BRDA:271,28,1,0
BRDA:271,29,0,0
BRDA:271,29,1,0
BRDA:283,30,0,0
BRDA:283,30,1,0
BRDA:289,31,0,0
BRDA:289,31,1,0
BRDA:289,32,0,0
BRDA:289,32,1,0
BRDA:299,33,0,0
BRDA:299,33,1,0
BRDA:316,34,0,0
BRDA:318,35,0,0
BRDA:318,35,1,0
BRDA:319,36,0,0
BRDA:319,36,1,0
BRDA:323,37,0,0
BRDA:323,37,1,0
BRDA:326,38,0,0
BRDA:326,38,1,0
BRDA:327,39,0,0
BRDA:327,39,1,0
BRDA:339,40,0,0
BRDA:339,40,1,0
BRDA:339,41,0,0
BRDA:339,41,1,0
BRDA:342,42,0,0
BRDA:342,42,1,0
BRDA:343,43,0,0
BRDA:343,43,1,0
BRDA:344,44,0,0
BRDA:344,44,1,0
BRDA:352,45,0,0
BRDA:352,45,1,0
BRDA:352,46,0,0
BRDA:352,46,1,0
BRDA:357,47,0,0
BRDA:357,47,1,0
BRDA:358,48,0,0
BRDA:358,48,1,0
BRDA:364,49,0,0
BRDA:364,49,1,0
BRDA:366,50,0,0
BRDA:366,50,1,0
BRDA:366,50,2,0
BRDA:366,50,3,0
BRDA:385,51,0,0
BRDA:385,51,1,0
BRDA:423,52,0,0
BRDA:423,52,1,0
BRDA:424,53,0,0
BRDA:424,53,1,0
BRDA:427,54,0,0
BRDA:427,54,1,0
BRDA:427,55,0,0
BRDA:427,55,1,0
BRDA:440,56,0,0
BRDA:440,56,1,0
BRDA:443,57,0,0
BRDA:443,57,1,0
BRDA:443,58,0,0
BRDA:443,58,1,0
BRDA:462,59,0,0
BRDA:462,59,1,0
BRDA:462,60,0,0
BRDA:462,60,1,0
BRDA:468,61,0,0
BRDA:468,61,1,0
BRDA:468,62,0,0
BRDA:468,62,1,0
BRDA:477,63,0,0
BRDA:477,63,1,0
BRDA:483,64,0,0
BRDA:483,64,1,0
BRDA:485,65,0,0
BRDA:485,65,1,0
BRDA:504,66,0,0
BRDA:504,66,1,0
BRDA:523,67,0,0
BRDA:523,67,1,0
BRDA:524,68,0,0
BRDA:524,68,1,0
BRDA:529,69,0,0
BRDA:529,69,1,0
BRDA:529,70,0,0
BRDA:529,70,1,0
BRF:146
BRH:0
end_of_record
TN:
SF:renderer/config.js
FNF:0
FNH:0
DA:2,1
DA:55,1
DA:56,1
DA:58,1
LF:4
LH:4
BRDA:55,0,0,1
BRDA:55,0,1,0
BRDA:55,1,0,1
BRDA:55,1,1,1
BRF:4
BRH:3
end_of_record
TN:
SF:renderer/congestion-core.js
FN:22,generateGaussianKernel
FN:46,blurHorizontal
FN:68,blurVertical
FN:100,gaussianBlur
FN:129,computeLocalVariance
FN:155,normalizeFeature
FN:172,computeStats
FN:225,computeEdgeDensity
FN:278,computeCompositeScore
FN:283,(anonymous_9)
FNF:10
FNH:0
FNDA:0,generateGaussianKernel
FNDA:0,blurHorizontal
FNDA:0,blurVertical
FNDA:0,gaussianBlur
FNDA:0,computeLocalVariance
FNDA:0,normalizeFeature
FNDA:0,computeStats
FNDA:0,computeEdgeDensity
FNDA:0,computeCompositeScore
FNDA:0,(anonymous_9)
DA:24,0
DA:25,0
DA:26,0
DA:28,0
DA:29,0
DA:30,0
DA:31,0
DA:32,0
DA:36,0
DA:37,0
DA:40,0
DA:47,0
DA:49,0
DA:50,0
DA:51,0
DA:53,0
DA:54,0
DA:56,0
DA:57,0
DA:60,0
DA:69,0
DA:71,0
DA:72,0
DA:73,0
DA:75,0
DA:76,0
DA:78,0
DA:79,0
DA:82,0
DA:101,0
DA:102,0
DA:104,0
DA:105,0
DA:108,0
DA:111,0
DA:113,0
DA:130,0
DA:133,0
DA:134,0
DA:135,0
DA:138,0
DA:139,0
DA:140,0
DA:142,0
DA:145,0
DA:146,0
DA:147,0
DA:149,0
DA:156,0
DA:157,0
DA:158,0
DA:160,0
DA:162,0
DA:163,0
DA:164,0
DA:166,0
DA:173,0
DA:174,0
DA:175,0
DA:176,0
DA:178,0
DA:179,0
DA:180,0
DA:181,0
DA:184,0
DA:185,0
DA:186,0
DA:187,0
DA:188,0
DA:189,0
DA:190,0
DA:191,0
DA:192,0
DA:193,0
DA:197,0
DA:226,0
DA:227,0
DA:228,0
DA:231,0
DA:232,0
DA:233,0
DA:234,0
DA:235,0
DA:236,0
DA:237,0
DA:238,0
DA:239,0
DA:240,0
DA:241,0
DA:243,0
DA:244,0
DA:245,0
DA:250,0
DA:251,0
DA:260,0
DA:279,0
DA:282,0
DA:283,0
DA:284,0
DA:289,0
DA:302,0
DA:303,0
DA:304,0
DA:305,0
LF:104
LH:0
BRDA:104,0,0,0
BRDA:104,0,1,0
BRDA:104,1,0,0
BRDA:104,1,1,0
BRDA:105,2,0,0
BRDA:105,2,1,0
BRDA:105,3,0,0
BRDA:105,3,1,0
BRDA:158,4,0,0
BRDA:158,4,1,0
BRDA:160,5,0,0
BRDA:160,5,1,0
BRDA:190,6,0,0
BRDA:190,6,1,0
BRDA:190,7,0,0
BRDA:190,7,1,0
BRDA:191,8,0,0
BRDA:191,8,1,0
BRDA:191,9,0,0
BRDA:191,9,1,0
BRDA:192,10,0,0
BRDA:192,10,1,0
BRDA:200,11,0,0
BRDA:200,11,1,0
BRDA:201,12,0,0
BRDA:201,12,1,0
BRDA:202,13,0,0
BRDA:202,13,1,0
BRDA:203,14,0,0
BRDA:203,14,1,0
BRDA:226,15,0,0
BRDA:226,15,1,0
BRDA:283,16,0,0
BRDA:283,16,1,0
BRDA:302,17,0,0
BRDA:302,17,1,0
BRDA:302,18,0,0
BRDA:302,18,1,0
BRDA:304,19,0,0
BRDA:304,19,1,0
BRF:40
BRH:0
end_of_record
TN:
SF:renderer/congestion-worker.js
FN:38,srgbToLinear
FN:46,linearSrgbToOklab
FN:64,gaussianBlurCached
FN:75,(anonymous_3)
FN:132,computeLocalVarianceCached
FNF:5
FNH:0
FNDA:0,srgbToLinear
FNDA:0,linearSrgbToOklab
FNDA:0,gaussianBlurCached
FNDA:0,(anonymous_3)
FNDA:0,computeLocalVarianceCached
DA:19,0
DA:20,0
DA:21,0
DA:22,0
DA:24,0
DA:29,0
DA:30,0
DA:39,0
DA:40,0
DA:42,0
DA:47,0
DA:48,0
DA:49,0
DA:51,0
DA:52,0
DA:53,0
DA:55,0
DA:65,0
DA:66,0
DA:67,0
DA:68,0
DA:70,0
DA:75,0
DA:76,0
DA:78,0
DA:80,0
DA:82,0
DA:83,0
DA:84,0
DA:85,0
DA:86,0
DA:88,0
DA:89,0
DA:92,0
DA:93,0
DA:94,0
DA:95,0
DA:96,0
DA:97,0
DA:99,0
DA:100,0
DA:101,0
DA:105,0
DA:107,0
DA:108,0
DA:109,0
DA:112,0
DA:113,0
DA:114,0
DA:116,0
DA:117,0
DA:118,0
DA:119,0
DA:121,0
DA:123,0
DA:124,0
DA:125,0
DA:130,0
DA:133,0
DA:136,0
DA:137,0
DA:138,0
DA:141,0
DA:142,0
DA:143,0
DA:147,0
DA:148,0
DA:149,0
DA:150,0
DA:151,0
DA:152,0
DA:153,0
DA:154,0
DA:155,0
DA:156,0
DA:157,0
DA:158,0
DA:160,0
DA:161,0
DA:162,0
DA:167,0
DA:168,0
DA:169,0
DA:172,0
DA:173,0
DA:176,0
DA:177,0
DA:180,0
DA:181,0
DA:182,0
DA:183,0
DA:184,0
DA:187,0
DA:188,0
DA:191,0
LF:95
LH:0
BRDA:39,0,0,0
BRDA:39,0,1,0
BRDA:66,1,0,0
BRDA:66,1,1,0
BRDA:66,2,0,0
BRDA:66,2,1,0
BRDA:78,3,0,0
BRDA:78,3,1,0
BRDA:82,4,0,0
BRDA:82,4,1,0
BRDA:86,5,0,0
BRDA:86,5,1,0
BRDA:92,6,0,0
BRDA:92,6,1,0
BRDA:92,7,0,0
BRDA:92,7,1,0
BRF:16
BRH:0
end_of_record
TN:
SF:renderer/content-analysis.js
FN:18,(anonymous_0)
FN:29,(anonymous_1)
FN:92,(anonymous_2)
FN:101,(anonymous_3)
FN:105,(anonymous_4)
FN:145,(anonymous_5)
FN:153,(anonymous_6)
FN:158,(anonymous_7)
FN:206,(anonymous_8)
FN:225,(anonymous_9)
FN:239,(anonymous_10)
FN:262,(anonymous_11)
FN:282,(anonymous_12)
FN:292,(anonymous_13)
FN:305,(anonymous_14)
FN:339,(anonymous_15)
FN:355,(anonymous_16)
FN:379,(anonymous_17)
FN:388,(anonymous_18)
FN:439,(anonymous_19)
FN:460,(anonymous_20)
FN:473,(anonymous_21)
FN:482,(anonymous_22)
FN:490,(anonymous_23)
FN:499,(anonymous_24)
FN:512,(anonymous_25)
FN:526,(anonymous_26)
FN:567,(anonymous_27)
FN:583,(anonymous_28)
FN:592,(anonymous_29)
FN:618,(anonymous_30)
FNF:31
FNH:0
FNDA:0,(anonymous_0)
FNDA:0,(anonymous_1)
FNDA:0,(anonymous_2)
FNDA:0,(anonymous_3)
FNDA:0,(anonymous_4)
FNDA:0,(anonymous_5)
FNDA:0,(anonymous_6)
FNDA:0,(anonymous_7)
FNDA:0,(anonymous_8)
FNDA:0,(anonymous_9)
FNDA:0,(anonymous_10)
FNDA:0,(anonymous_11)
FNDA:0,(anonymous_12)
FNDA:0,(anonymous_13)
FNDA:0,(anonymous_14)
FNDA:0,(anonymous_15)
FNDA:0,(anonymous_16)
FNDA:0,(anonymous_17)
FNDA:0,(anonymous_18)
FNDA:0,(anonymous_19)
FNDA:0,(anonymous_20)
FNDA:0,(anonymous_21)
FNDA:0,(anonymous_22)
FNDA:0,(anonymous_23)
FNDA:0,(anonymous_24)
FNDA:0,(anonymous_25)
FNDA:0,(anonymous_26)
FNDA:0,(anonymous_27)
FNDA:0,(anonymous_28)
FNDA:0,(anonymous_29)
FNDA:0,(anonymous_30)
DA:18,0
DA:19,0
DA:20,0
DA:21,0
DA:30,0
DA:31,0
DA:34,0
DA:35,0
DA:36,0
DA:37,0
DA:38,0
DA:39,0
DA:43,0
DA:44,0
DA:45,0
DA:46,0
DA:47,0
DA:48,0
DA:50,0
DA:55,0
DA:56,0
DA:57,0
DA:58,0
DA:59,0
DA:60,0
DA:62,0
DA:66,0
DA:67,0
DA:69,0
DA:70,0
DA:72,0
DA:73,0
DA:75,0
DA:78,0
DA:79,0
DA:80,0
DA:83,0
DA:84,0
DA:85,0
DA:93,0
DA:94,0
DA:95,0
DA:99,0
DA:101,0
DA:102,0
DA:105,0
DA:106,0
DA:107,0
DA:110,0
DA:111,0
DA:113,0
DA:114,0
DA:115,0
DA:119,0
DA:122,0
DA:123,0
DA:125,0
DA:126,0
DA:128,0
DA:129,0
DA:133,0
DA:134,0
DA:137,0
DA:146,0
DA:147,0
DA:148,0
DA:151,0
DA:153,0
DA:154,0
DA:155,0
DA:158,0
DA:159,0
DA:160,0
DA:162,0
DA:165,0
DA:166,0
DA:167,0
DA:168,0
DA:169,0
DA:172,0
DA:175,0
DA:176,0
DA:178,0
DA:179,0
DA:181,0
DA:182,0
DA:186,0
DA:187,0
DA:190,0
DA:192,0
DA:207,0
DA:210,0
DA:211,0
DA:212,0
DA:214,0
DA:217,0
DA:218,0
DA:219,0
DA:220,0
DA:221,0
DA:223,0
DA:225,0
DA:226,0
DA:240,0
DA:241,0
DA:244,0
DA:247,0
DA:248,0
DA:249,0
DA:252,0
DA:254,0
DA:263,0
DA:264,0
DA:266,0
DA:267,0
DA:268,0
DA:271,0
DA:272,0
DA:283,0
DA:284,0
DA:285,0
DA:293,0
DA:294,0
DA:295,0
DA:306,0
DA:308,0
DA:311,0
DA:314,0
DA:315,0
DA:316,0
DA:317,0
DA:318,0
DA:320,0
DA:322,0
DA:323,0
DA:324,0
DA:325,0
DA:331,0
DA:332,0
DA:333,0
DA:334,0
DA:335,0
DA:337,0
DA:339,0
DA:340,0
DA:356,0
DA:357,0
DA:360,0
DA:363,0
DA:364,0
DA:365,0
DA:368,0
DA:370,0
DA:380,0
DA:389,0
DA:392,0
DA:393,0
DA:396,0
DA:397,0
DA:400,0
DA:401,0
DA:406,0
DA:407,0
DA:408,0
DA:421,0
DA:424,0
DA:425,0
DA:428,0
DA:429,0
DA:440,0
DA:442,0
DA:443,0
DA:444,0
DA:445,0
DA:448,0
DA:449,0
DA:452,0
DA:461,0
DA:462,0
DA:464,0
DA:465,0
DA:474,0
DA:475,0
DA:483,0
DA:491,0
DA:501,0
DA:502,0
DA:503,0
DA:504,0
DA:505,0
DA:513,0
DA:514,0
DA:515,0
DA:516,0
DA:518,0
DA:527,0
DA:528,0
DA:530,0
DA:531,0
DA:532,0
DA:534,0
DA:535,0
DA:536,0
DA:538,0
DA:539,0
DA:540,0
DA:551,0
DA:552,0
DA:568,0
DA:569,0
DA:570,0
DA:571,0
DA:572,0
DA:573,0
DA:574,0
DA:576,0
DA:584,0
DA:585,0
DA:593,0
DA:594,0
DA:595,0
DA:597,0
DA:598,0
DA:599,0
DA:600,0
DA:601,0
DA:608,0
DA:611,0
DA:619,0
DA:630,0
DA:631,0
DA:633,0
LF:232
LH:0
BRDA:93,0,0,0
BRDA:93,0,1,0
BRDA:107,1,0,0
BRDA:107,1,1,0
BRDA:110,2,0,0
BRDA:110,2,1,0
BRDA:111,3,0,0
BRDA:111,3,1,0
BRDA:113,4,0,0
BRDA:113,4,1,0
BRDA:119,5,0,0
BRDA:119,5,1,0
BRDA:119,6,0,0
BRDA:119,6,1,0
BRDA:119,6,2,0
BRDA:125,7,0,0
BRDA:125,7,1,0
BRDA:146,8,0,0
BRDA:146,8,1,0
BRDA:162,9,0,0
BRDA:162,9,1,0
BRDA:165,10,0,0
BRDA:165,10,1,0
BRDA:166,11,0,0
BRDA:166,11,1,0
BRDA:172,12,0,0
BRDA:172,12,1,0
BRDA:172,13,0,0
BRDA:172,13,1,0
BRDA:172,13,2,0
BRDA:178,14,0,0
BRDA:178,14,1,0
BRDA:206,15,0,0
BRDA:207,16,0,0
BRDA:207,16,1,0
BRDA:207,17,0,0
BRDA:207,17,1,0
BRDA:207,17,2,0
BRDA:207,17,3,0
BRDA:211,18,0,0
BRDA:211,18,1,0
BRDA:211,19,0,0
BRDA:211,19,1,0
BRDA:240,20,0,0
BRDA:240,20,1,0
BRDA:240,21,0,0
BRDA:240,21,1,0
BRDA:240,21,2,0
BRDA:271,22,0,0
BRDA:271,22,1,0
BRDA:306,23,0,0
BRDA:306,23,1,0
BRDA:306,24,0,0
BRDA:306,24,1,0
BRDA:306,24,2,0
BRDA:311,25,0,0
BRDA:311,25,1,0
BRDA:315,26,0,0
BRDA:315,26,1,0
BRDA:317,27,0,0
BRDA:317,27,1,0
BRDA:323,28,0,0
BRDA:323,28,1,0
BRDA:343,29,0,0
BRDA:343,29,1,0
BRDA:344,30,0,0
BRDA:344,30,1,0
BRDA:356,31,0,0
BRDA:356,31,1,0
BRDA:356,32,0,0
BRDA:356,32,1,0
BRDA:356,32,2,0
BRDA:389,33,0,0
BRDA:389,33,1,0
BRDA:389,34,0,0
BRDA:389,34,1,0
BRDA:392,35,0,0
BRDA:392,35,1,0
BRDA:406,36,0,0
BRDA:406,36,1,0
BRDA:416,37,0,0
BRDA:416,37,1,0
BRDA:428,38,0,0
BRDA:428,38,1,0
BRDA:443,39,0,0
BRDA:443,39,1,0
BRDA:444,40,0,0
BRDA:444,40,1,0
BRDA:445,41,0,0
BRDA:445,41,1,0
BRDA:448,42,0,0
BRDA:448,42,1,0
BRDA:448,43,0,0
BRDA:448,43,1,0
BRDA:464,44,0,0
BRDA:464,44,1,0
BRDA:464,45,0,0
BRDA:464,45,1,0
BRDA:464,45,2,0
BRDA:475,46,0,0
BRDA:475,46,1,0
BRDA:501,47,0,0
BRDA:501,47,1,0
BRDA:502,48,0,0
BRDA:502,48,1,0
BRDA:503,49,0,0
BRDA:503,49,1,0
BRDA:504,50,0,0
BRDA:504,50,1,0
BRDA:513,51,0,0
BRDA:513,51,1,0
BRDA:515,52,0,0
BRDA:515,52,1,0
BRDA:528,53,0,0
BRDA:528,53,1,0
BRDA:535,54,0,0
BRDA:535,54,1,0
BRDA:535,55,0,0
BRDA:535,55,1,0
BRDA:535,55,2,0
BRDA:535,55,3,0
BRDA:536,56,0,0
BRDA:536,56,1,0
BRDA:593,57,0,0
BRDA:593,57,1,0
BRDA:593,58,0,0
BRDA:593,58,1,0
BRDA:594,59,0,0
BRDA:594,59,1,0
BRDA:594,60,0,0
BRDA:594,60,1,0
BRDA:595,61,0,0
BRDA:595,61,1,0
BRDA:601,62,0,0
BRDA:601,62,1,0
BRDA:601,63,0,0
BRDA:601,63,1,0
BRDA:601,63,2,0
BRDA:601,63,3,0
BRDA:601,63,4,0
BRDA:601,63,5,0
BRDA:601,63,6,0
BRDA:630,64,0,0
BRDA:630,64,1,0
BRDA:630,65,0,0
BRDA:630,65,1,0
BRF:146
BRH:0
end_of_record
TN:
SF:renderer/dom-adapter.js
FN:2,(anonymous_0)
FN:13,(anonymous_1)
FN:34,(anonymous_2)
FNF:3
FNH:0
FNDA:0,(anonymous_0)
FNDA:0,(anonymous_1)
FNDA:0,(anonymous_2)
DA:14,0
DA:28,0
DA:30,0
DA:35,0
DA:36,0
DA:42,0
DA:43,0
DA:44,0
DA:45,0
DA:47,0
DA:50,0
DA:51,0
DA:53,0
DA:54,0
DA:55,0
DA:56,0
DA:57,0
DA:58,0
DA:61,0
DA:64,0
DA:65,0
DA:67,0
DA:69,0
DA:70,0
DA:73,0
DA:74,0
DA:75,0
DA:76,0
DA:80,0
DA:81,0
DA:83,0
DA:84,0
DA:88,0
DA:91,0
DA:92,0
DA:94,0
DA:95,0
DA:98,0
DA:113,0
DA:114,0
DA:115,0
DA:117,0
DA:118,0
DA:121,0
DA:122,0
DA:137,0
DA:145,0
DA:146,0
DA:148,0
DA:149,0
DA:152,0
DA:153,0
DA:166,0
DA:170,0
LF:54
LH:0
BRDA:13,0,0,0
BRDA:13,1,0,0
BRDA:35,2,0,0
BRDA:35,2,1,0
BRDA:47,3,0,0
BRDA:47,3,1,0
BRDA:51,4,0,0
BRDA:51,4,1,0
BRDA:51,5,0,0
BRDA:51,5,1,0
BRDA:51,5,2,0
BRDA:51,5,3,0
BRDA:56,6,0,0
BRDA:56,6,1,0
BRDA:56,7,0,0
BRDA:56,7,1,0
BRDA:56,7,2,0
BRDA:56,7,3,0
BRDA:61,8,0,0
BRDA:61,8,1,0
BRDA:65,9,0,0
BRDA:65,9,1,0
BRDA:69,10,0,0
BRDA:69,10,1,0
BRDA:74,11,0,0
BRDA:74,11,1,0
BRDA:76,12,0,0
BRDA:76,12,1,0
BRDA:80,13,0,0
BRDA:80,13,1,0
BRDA:94,14,0,0
BRDA:94,14,1,0
BRDA:94,15,0,0
BRDA:94,15,1,0
BRDA:94,15,2,0
BRDA:94,15,3,0
BRDA:117,16,0,0
BRDA:117,16,1,0
BRDA:117,17,0,0
BRDA:117,17,1,0
BRDA:117,17,2,0
BRDA:117,17,3,0
BRDA:121,18,0,0
BRDA:121,18,1,0
BRDA:121,19,0,0
BRDA:121,19,1,0
BRDA:148,20,0,0
BRDA:148,20,1,0
BRDA:148,21,0,0
BRDA:148,21,1,0
BRDA:148,21,2,0
BRDA:148,21,3,0
BRDA:152,22,0,0
BRDA:152,22,1,0
BRDA:152,23,0,0
BRDA:152,23,1,0
BRF:56
BRH:0
end_of_record
TN:
SF:renderer/foveal-calibration.js
FN:28,setUIState
FN:49,(anonymous_1)
FN:56,(anonymous_2)
FN:63,(anonymous_3)
FN:70,(anonymous_4)
FN:96,seededRandom
FN:102,getNimitzColor
FN:124,generateLayers
FN:166,updateCircle
FN:187,resize
FN:223,easeInQuad
FN:226,triggerPeripheralPause
FN:241,(anonymous_12)
FN:271,render
FN:416,setCrosshairState
FN:429,updateCalibration
FN:459,updateConfidence
FN:507,handleReaction
FN:574,handleFalseAlarm
FN:585,showFeedback
FN:593,(anonymous_20)
FN:601,renderResultsChart
FN:624,(anonymous_22)
FN:625,(anonymous_23)
FN:635,(anonymous_24)
FN:644,(anonymous_25)
FN:694,(anonymous_26)
FN:699,(anonymous_27)
FN:705,(anonymous_28)
FN:710,(anonymous_29)
FN:718,finishCalibration
FN:790,(anonymous_31)
FN:806,(anonymous_32)
FN:837,(anonymous_33)
FNF:34
FNH:0
FNDA:0,setUIState
FNDA:0,(anonymous_1)
FNDA:0,(anonymous_2)
FNDA:0,(anonymous_3)
FNDA:0,(anonymous_4)
FNDA:0,seededRandom
FNDA:0,getNimitzColor
FNDA:0,generateLayers
FNDA:0,updateCircle
FNDA:0,resize
FNDA:0,easeInQuad
FNDA:0,triggerPeripheralPause
FNDA:0,(anonymous_12)
FNDA:0,render
FNDA:0,setCrosshairState
FNDA:0,updateCalibration
FNDA:0,updateConfidence
FNDA:0,handleReaction
FNDA:0,handleFalseAlarm
FNDA:0,showFeedback
FNDA:0,(anonymous_20)
FNDA:0,renderResultsChart
FNDA:0,(anonymous_22)
FNDA:0,(anonymous_23)
FNDA:0,(anonymous_24)
FNDA:0,(anonymous_25)
FNDA:0,(anonymous_26)
FNDA:0,(anonymous_27)
FNDA:0,(anonymous_28)
FNDA:0,(anonymous_29)
FNDA:0,finishCalibration
FNDA:0,(anonymous_31)
FNDA:0,(anonymous_32)
FNDA:0,(anonymous_33)
DA:6,0
DA:9,0
DA:10,0
DA:11,0
DA:12,0
DA:13,0
DA:14,0
DA:15,0
DA:18,0
DA:19,0
DA:20,0
DA:21,0
DA:22,0
DA:23,0
DA:26,0
DA:29,0
DA:30,0
DA:33,0
DA:35,0
DA:36,0
DA:37,0
DA:38,0
DA:39,0
DA:40,0
DA:44,0
DA:48,0
DA:49,0
DA:50,0
DA:51,0
DA:55,0
DA:56,0
DA:57,0
DA:58,0
DA:62,0
DA:63,0
DA:64,0
DA:65,0
DA:69,0
DA:70,0
DA:71,0
DA:72,0
DA:77,0
DA:78,0
DA:79,0
DA:82,0
DA:83,0
DA:85,0
DA:86,0
DA:87,0
DA:88,0
DA:89,0
DA:90,0
DA:91,0
DA:97,0
DA:98,0
DA:108,0
DA:112,0
DA:114,0
DA:115,0
DA:116,0
DA:118,0
DA:122,0
DA:125,0
DA:126,0
DA:127,0
DA:129,0
DA:130,0
DA:134,0
DA:135,0
DA:138,0
DA:140,0
DA:141,0
DA:142,0
DA:143,0
DA:144,0
DA:147,0
DA:148,0
DA:149,0
DA:151,0
DA:159,0
DA:161,0
DA:167,0
DA:168,0
DA:169,0
DA:172,0
DA:173,0
DA:174,0
DA:176,0
DA:177,0
DA:180,0
DA:181,0
DA:185,0
DA:188,0
DA:190,0
DA:194,0
DA:195,0
DA:197,0
DA:198,0
DA:201,0
DA:202,0
DA:203,0
DA:204,0
DA:207,0
DA:208,0
DA:212,0
DA:213,0
DA:217,0
DA:218,0
DA:219,0
DA:220,0
DA:221,0
DA:223,0
DA:227,0
DA:230,0
DA:234,0
DA:235,0
DA:241,0
DA:242,0
DA:245,0
DA:246,0
DA:247,0
DA:248,0
DA:249,0
DA:250,0
DA:251,0
DA:252,0
DA:254,0
DA:255,0
DA:256,0
DA:258,0
DA:274,0
DA:286,0
DA:287,0
DA:288,0
DA:289,0
DA:293,0
DA:294,0
DA:297,0
DA:298,0
DA:299,0
DA:302,0
DA:304,0
DA:308,0
DA:314,0
DA:315,0
DA:316,0
DA:317,0
DA:318,0
DA:319,0
DA:321,0
DA:326,0
DA:327,0
DA:332,0
DA:333,0
DA:335,0
DA:336,0
DA:337,0
DA:340,0
DA:344,0
DA:350,0
DA:351,0
DA:352,0
DA:354,0
DA:355,0
DA:359,0
DA:360,0
DA:361,0
DA:363,0
DA:366,0
DA:367,0
DA:369,0
DA:371,0
DA:372,0
DA:373,0
DA:376,0
DA:377,0
DA:379,0
DA:380,0
DA:381,0
DA:382,0
DA:383,0
DA:385,0
DA:387,0
DA:388,0
DA:389,0
DA:390,0
DA:392,0
DA:393,0
DA:394,0
DA:395,0
DA:399,0
DA:404,0
DA:405,0
DA:406,0
DA:407,0
DA:408,0
DA:411,0
DA:412,0
DA:413,0
DA:414,0
DA:417,0
DA:418,0
DA:420,0
DA:421,0
DA:422,0
DA:424,0
DA:425,0
DA:430,0
DA:431,0
DA:434,0
DA:435,0
DA:437,0
DA:438,0
DA:439,0
DA:440,0
DA:441,0
DA:444,0
DA:445,0
DA:447,0
DA:448,0
DA:449,0
DA:452,0
DA:453,0
DA:454,0
DA:465,0
DA:466,0
DA:469,0
DA:470,0
DA:471,0
DA:472,0
DA:473,0
DA:475,0
DA:477,0
DA:479,0
DA:480,0
DA:481,0
DA:486,0
DA:487,0
DA:489,0
DA:490,0
DA:492,0
DA:493,0
DA:496,0
DA:497,0
DA:498,0
DA:502,0
DA:503,0
DA:508,0
DA:511,0
DA:512,0
DA:515,0
DA:522,0
DA:523,0
DA:524,0
DA:527,0
DA:528,0
DA:529,0
DA:530,0
DA:532,0
DA:534,0
DA:536,0
DA:538,0
DA:540,0
DA:542,0
DA:545,0
DA:546,0
DA:548,0
DA:550,0
DA:551,0
DA:560,0
DA:561,0
DA:565,0
DA:566,0
DA:567,0
DA:568,0
DA:572,0
DA:575,0
DA:576,0
DA:577,0
DA:579,0
DA:583,0
DA:586,0
DA:587,0
DA:588,0
DA:590,0
DA:591,0
DA:593,0
DA:594,0
DA:595,0
DA:602,0
DA:603,0
DA:606,0
DA:607,0
DA:608,0
DA:610,0
DA:611,0
DA:613,0
DA:614,0
DA:615,0
DA:618,0
DA:619,0
DA:621,0
DA:624,0
DA:625,0
DA:626,0
DA:628,0
DA:631,0
DA:632,0
DA:633,0
DA:635,0
DA:636,0
DA:637,0
DA:638,0
DA:639,0
DA:641,0
DA:644,0
DA:645,0
DA:646,0
DA:648,0
DA:649,0
DA:650,0
DA:651,0
DA:653,0
DA:655,0
DA:658,0
DA:659,0
DA:661,0
DA:662,0
DA:663,0
DA:664,0
DA:665,0
DA:666,0
DA:669,0
DA:670,0
DA:671,0
DA:672,0
DA:677,0
DA:678,0
DA:679,0
DA:680,0
DA:681,0
DA:683,0
DA:684,0
DA:686,0
DA:687,0
DA:693,0
DA:694,0
DA:695,0
DA:696,0
DA:699,0
DA:700,0
DA:701,0
DA:705,0
DA:706,0
DA:707,0
DA:710,0
DA:711,0
DA:712,0
DA:713,0
DA:720,0
DA:723,0
DA:724,0
DA:725,0
DA:726,0
DA:730,0
DA:731,0
DA:735,0
DA:739,0
DA:740,0
DA:744,0
DA:746,0
DA:750,0
DA:751,0
DA:753,0
DA:754,0
DA:767,0
DA:769,0
DA:772,0
DA:776,0
DA:777,0
DA:778,0
DA:781,0
DA:785,0
DA:786,0
DA:790,0
DA:792,0
DA:793,0
DA:796,0
DA:799,0
DA:800,0
DA:803,0
DA:804,0
DA:805,0
DA:806,0
DA:809,0
DA:810,0
DA:811,0
DA:813,0
DA:817,0
DA:818,0
DA:823,0
DA:824,0
DA:825,0
DA:826,0
DA:827,0
DA:828,0
DA:829,0
DA:831,0
DA:837,0
DA:839,0
DA:840,0
DA:842,0
DA:843,0
DA:844,0
DA:849,0
DA:850,0
DA:851,0
DA:852,0
DA:853,0
DA:854,0
LF:420
LH:0
BRDA:28,0,0,0
BRDA:35,1,0,0
BRDA:35,1,1,0
BRDA:37,2,0,0
BRDA:37,2,1,0
BRDA:38,3,0,0
BRDA:38,3,1,0
BRDA:40,4,0,0
BRDA:40,4,1,0
BRDA:48,5,0,0
BRDA:48,5,1,0
BRDA:55,6,0,0
BRDA:55,6,1,0
BRDA:62,7,0,0
BRDA:62,7,1,0
BRDA:69,8,0,0
BRDA:69,8,1,0
BRDA:167,9,0,0
BRDA:167,9,1,0
BRDA:172,10,0,0
BRDA:172,10,1,0
BRDA:180,11,0,0
BRDA:180,11,1,0
BRDA:188,12,0,0
BRDA:188,12,1,0
BRDA:190,13,0,0
BRDA:190,13,1,0
BRDA:201,14,0,0
BRDA:201,14,1,0
BRDA:241,15,0,0
BRDA:254,16,0,0
BRDA:254,16,1,0
BRDA:274,17,0,0
BRDA:274,17,1,0
BRDA:287,18,0,0
BRDA:287,18,1,0
BRDA:297,19,0,0
BRDA:297,19,1,0
BRDA:302,20,0,0
BRDA:302,20,1,0
BRDA:326,21,0,0
BRDA:326,21,1,0
BRDA:326,22,0,0
BRDA:326,22,1,0
BRDA:326,22,2,0
BRDA:326,22,3,0
BRDA:332,23,0,0
BRDA:332,23,1,0
BRDA:333,24,0,0
BRDA:333,24,1,0
BRDA:369,25,0,0
BRDA:369,25,1,0
BRDA:369,26,0,0
BRDA:369,26,1,0
BRDA:369,26,2,0
BRDA:369,26,3,0
BRDA:376,27,0,0
BRDA:376,27,1,0
BRDA:418,28,0,0
BRDA:418,28,1,0
BRDA:420,29,0,0
BRDA:420,29,1,0
BRDA:430,30,0,0
BRDA:430,30,1,0
BRDA:437,31,0,0
BRDA:437,31,1,0
BRDA:438,32,0,0
BRDA:438,32,1,0
BRDA:444,33,0,0
BRDA:444,33,1,0
BRDA:445,34,0,0
BRDA:445,34,1,0
BRDA:452,35,0,0
BRDA:452,35,1,0
BRDA:453,36,0,0
BRDA:453,36,1,0
BRDA:469,37,0,0
BRDA:469,37,1,0
BRDA:477,38,0,0
BRDA:477,38,1,0
BRDA:480,39,0,0
BRDA:480,39,1,0
BRDA:489,40,0,0
BRDA:489,40,1,0
BRDA:492,41,0,0
BRDA:492,41,1,0
BRDA:496,42,0,0
BRDA:496,42,1,0
BRDA:498,43,0,0
BRDA:498,43,1,0
BRDA:502,44,0,0
BRDA:502,44,1,0
BRDA:508,45,0,0
BRDA:508,45,1,0
BRDA:518,46,0,0
BRDA:518,46,1,0
BRDA:519,47,0,0
BRDA:519,47,1,0
BRDA:527,48,0,0
BRDA:527,48,1,0
BRDA:528,49,0,0
BRDA:528,49,1,0
BRDA:528,50,0,0
BRDA:528,50,1,0
BRDA:534,51,0,0
BRDA:534,51,1,0
BRDA:536,52,0,0
BRDA:536,52,1,0
BRDA:542,53,0,0
BRDA:542,53,1,0
BRDA:548,54,0,0
BRDA:548,54,1,0
BRDA:576,55,0,0
BRDA:576,55,1,0
BRDA:587,56,0,0
BRDA:587,56,1,0
BRDA:588,57,0,0
BRDA:588,57,1,0
BRDA:603,58,0,0
BRDA:603,58,1,0
BRDA:621,59,0,0
BRDA:621,59,1,0
BRDA:626,60,0,0
BRDA:626,60,1,0
BRDA:638,61,0,0
BRDA:638,61,1,0
BRDA:650,62,0,0
BRDA:650,62,1,0
BRDA:658,63,0,0
BRDA:658,63,1,0
BRDA:693,64,0,0
BRDA:693,64,1,0
BRDA:693,65,0,0
BRDA:693,65,1,0
BRDA:700,66,0,0
BRDA:700,66,1,0
BRDA:700,67,0,0
BRDA:700,67,1,0
BRDA:720,68,0,0
BRDA:720,68,1,0
BRDA:725,69,0,0
BRDA:725,69,1,0
BRDA:725,70,0,0
BRDA:725,70,1,0
BRDA:730,71,0,0
BRDA:730,71,1,0
BRDA:751,72,0,0
BRDA:751,72,1,0
BRDA:753,73,0,0
BRDA:753,73,1,0
BRDA:753,74,0,0
BRDA:753,74,1,0
BRDA:765,75,0,0
BRDA:765,75,1,0
BRDA:785,76,0,0
BRDA:785,76,1,0
BRDA:792,77,0,0
BRDA:792,77,1,0
BRDA:792,78,0,0
BRDA:792,78,1,0
BRDA:793,79,0,0
BRDA:793,79,1,0
BRDA:799,80,0,0
BRDA:799,80,1,0
BRDA:804,81,0,0
BRDA:804,81,1,0
BRDA:809,82,0,0
BRDA:809,82,1,0
BRDA:810,83,0,0
BRDA:810,83,1,0
BRDA:823,84,0,0
BRDA:823,84,1,0
BRDA:823,85,0,0
BRDA:823,85,1,0
BRDA:824,86,0,0
BRDA:824,86,1,0
BRDA:826,87,0,0
BRDA:826,87,1,0
BRDA:826,88,0,0
BRDA:826,88,1,0
BRDA:827,89,0,0
BRDA:827,89,1,0
BRDA:829,90,0,0
BRDA:829,90,1,0
BRDA:839,91,0,0
BRDA:839,91,1,0
BRDA:840,92,0,0
BRDA:840,92,1,0
BRDA:842,93,0,0
BRDA:842,93,1,0
BRF:190
BRH:0
end_of_record
TN:
SF:renderer/frame-timer.js
FN:9,(anonymous_0)
FN:14,(anonymous_1)
FN:25,(anonymous_2)
FN:36,(anonymous_3)
FN:50,(anonymous_4)
FN:61,(anonymous_5)
FN:84,(anonymous_6)
FN:94,(anonymous_7)
FN:102,(anonymous_8)
FNF:9
FNH:0
FNDA:0,(anonymous_0)
FNDA:0,(anonymous_1)
FNDA:0,(anonymous_2)
FNDA:0,(anonymous_3)
FNDA:0,(anonymous_4)
FNDA:0,(anonymous_5)
FNDA:0,(anonymous_6)
FNDA:0,(anonymous_7)
FNDA:0,(anonymous_8)
DA:9,0
DA:15,0
DA:16,0
DA:17,0
DA:18,0
DA:19,0
DA:20,0
DA:21,0
DA:26,0
DA:27,0
DA:28,0
DA:37,0
DA:38,0
DA:39,0
DA:41,0
DA:42,0
DA:43,0
DA:44,0
DA:46,0
DA:51,0
DA:52,0
DA:53,0
DA:54,0
DA:62,0
DA:63,0
DA:65,0
DA:66,0
DA:67,0
DA:68,0
DA:69,0
DA:71,0
DA:72,0
DA:73,0
DA:74,0
DA:80,0
DA:85,0
DA:86,0
DA:87,0
DA:88,0
DA:96,0
DA:97,0
DA:98,0
DA:99,0
DA:103,0
DA:104,0
DA:105,0
DA:109,0
DA:110,0
DA:112,0
LF:49
LH:0
BRDA:14,0,0,0
BRDA:42,1,0,0
BRDA:42,1,1,0
BRDA:54,2,0,0
BRDA:54,2,1,0
BRDA:63,3,0,0
BRDA:63,3,1,0
BRDA:69,4,0,0
BRDA:69,4,1,0
BRDA:109,5,0,0
BRDA:109,5,1,0
BRDA:109,6,0,0
BRDA:109,6,1,0
BRF:13
BRH:0
end_of_record
TN:
SF:renderer/gaze-model.js
FN:12,(anonymous_0)
FN:22,(anonymous_1)
FN:55,(anonymous_2)
FN:83,(anonymous_3)
FN:93,(anonymous_4)
FN:140,(anonymous_5)
FN:148,(anonymous_6)
FN:156,(anonymous_7)
FNF:8
FNH:0
FNDA:0,(anonymous_0)
FNDA:0,(anonymous_1)
FNDA:0,(anonymous_2)
FNDA:0,(anonymous_3)
FNDA:0,(anonymous_4)
FNDA:0,(anonymous_5)
FNDA:0,(anonymous_6)
FNDA:0,(anonymous_7)
DA:12,0
DA:23,0
DA:24,0
DA:27,0
DA:28,0
DA:29,0
DA:30,0
DA:33,0
DA:34,0
DA:37,0
DA:38,0
DA:39,0
DA:40,0
DA:43,0
DA:46,0
DA:47,0
DA:56,0
DA:59,0
DA:61,0
DA:62,0
DA:65,0
DA:66,0
DA:68,0
DA:69,0
DA:72,0
DA:73,0
DA:75,0
DA:76,0
DA:84,0
DA:94,0
DA:95,0
DA:98,0
DA:99,0
DA:100,0
DA:101,0
DA:102,0
DA:103,0
DA:104,0
DA:108,0
DA:109,0
DA:110,0
DA:114,0
DA:115,0
DA:116,0
DA:117,0
DA:122,0
DA:125,0
DA:126,0
DA:128,0
DA:129,0
DA:131,0
DA:141,0
DA:149,0
DA:157,0
DA:162,0
DA:163,0
DA:165,0
LF:57
LH:0
BRDA:59,0,0,0
BRDA:59,0,1,0
BRDA:59,1,0,0
BRDA:59,1,1,0
BRDA:68,2,0,0
BRDA:68,2,1,0
BRDA:98,3,0,0
BRDA:98,3,1,0
BRDA:98,4,0,0
BRDA:98,4,1,0
BRDA:108,5,0,0
BRDA:108,5,1,0
BRDA:108,6,0,0
BRDA:108,6,1,0
BRDA:117,7,0,0
BRDA:117,7,1,0
BRDA:122,8,0,0
BRDA:122,8,1,0
BRDA:162,9,0,0
BRDA:162,9,1,0
BRDA:162,10,0,0
BRDA:162,10,1,0
BRF:22
BRH:0
end_of_record
TN:
SF:renderer/gestalt-processor.js
FN:13,(anonymous_0)
FN:31,(anonymous_1)
FN:49,(anonymous_2)
FN:70,(anonymous_3)
FN:79,(anonymous_4)
FN:105,(anonymous_5)
FN:134,(anonymous_6)
FN:135,(anonymous_7)
FNF:8
FNH:8
FNDA:36,(anonymous_0)
FNDA:8,(anonymous_1)
FNDA:12,(anonymous_2)
FNDA:10,(anonymous_3)
FNDA:5,(anonymous_4)
FNDA:28,(anonymous_5)
FNDA:15,(anonymous_6)
FNDA:16,(anonymous_7)
DA:14,36
DA:32,8
DA:37,5
DA:38,5
DA:40,5
DA:50,12
DA:51,12
DA:52,12
DA:54,12
DA:55,20
DA:56,14
DA:58,14
DA:60,14
DA:61,10
DA:63,4
DA:64,4
DA:65,4
DA:70,12
DA:73,10
DA:76,12
DA:80,5
DA:82,5
DA:83,28
DA:84,28
DA:86,28
DA:87,7
DA:88,7
DA:89,7
DA:90,7
DA:99,28
DA:100,7
DA:106,28
DA:109,28
DA:110,55
DA:114,55
DA:115,55
DA:116,55
DA:117,55
DA:119,55
DA:120,55
DA:124,55
DA:125,43
DA:128,28
DA:135,15
DA:136,16
DA:138,9
DA:139,9
DA:140,9
DA:141,9
DA:142,9
DA:143,9
DA:145,9
DA:146,19
DA:147,19
DA:148,19
DA:149,19
DA:150,19
DA:151,19
DA:155,19
DA:158,19
DA:159,0
DA:163,9
DA:180,1
LF:63
LH:62
BRDA:32,0,0,3
BRDA:32,0,1,5
BRDA:32,1,0,8
BRDA:32,1,1,6
BRDA:55,2,0,6
BRDA:55,2,1,14
BRDA:60,3,0,10
BRDA:60,3,1,4
BRDA:86,4,0,7
BRDA:86,4,1,21
BRDA:89,5,0,7
BRDA:89,5,1,0
BRDA:99,6,0,7
BRDA:99,6,1,21
BRDA:124,7,0,43
BRDA:124,7,1,12
BRDA:124,8,0,55
BRDA:124,8,1,44
BRDA:136,9,0,7
BRDA:136,9,1,9
BRDA:155,10,0,1
BRDA:155,10,1,18
BRDA:158,11,0,0
BRDA:158,11,1,19
BRDA:158,12,0,19
BRDA:158,12,1,0
BRDA:170,13,0,1
BRDA:170,13,1,8
BRF:28
BRH:25
end_of_record
TN:
SF:renderer/image-processor.js
FN:9,(anonymous_0)
FN:19,(anonymous_1)
FN:58,(anonymous_2)
FN:112,(anonymous_3)
FN:128,(anonymous_4)
FN:160,(anonymous_5)
FN:212,(anonymous_6)
FN:261,(anonymous_7)
FN:308,(anonymous_8)
FNF:9
FNH:0
FNDA:0,(anonymous_0)
FNDA:0,(anonymous_1)
FNDA:0,(anonymous_2)
FNDA:0,(anonymous_3)
FNDA:0,(anonymous_4)
FNDA:0,(anonymous_5)
FNDA:0,(anonymous_6)
FNDA:0,(anonymous_7)
FNDA:0,(anonymous_8)
DA:6,0
DA:10,0
DA:20,0
DA:21,0
DA:23,0
DA:24,0
DA:25,0
DA:26,0
DA:29,0
DA:33,0
DA:34,0
DA:37,0
DA:39,0
DA:40,0
DA:41,0
DA:43,0
DA:46,0
DA:59,0
DA:61,0
DA:62,0
DA:63,0
DA:64,0
DA:67,0
DA:72,0
DA:73,0
DA:76,0
DA:79,0
DA:82,0
DA:85,0
DA:89,0
DA:90,0
DA:91,0
DA:94,0
DA:96,0
DA:97,0
DA:98,0
DA:99,0
DA:102,0
DA:113,0
DA:114,0
DA:115,0
DA:116,0
DA:118,0
DA:129,0
DA:131,0
DA:132,0
DA:133,0
DA:137,0
DA:138,0
DA:142,0
DA:143,0
DA:146,0
DA:147,0
DA:150,0
DA:151,0
DA:153,0
DA:161,0
DA:163,0
DA:164,0
DA:167,0
DA:168,0
DA:169,0
DA:170,0
DA:171,0
DA:172,0
DA:173,0
DA:177,0
DA:178,0
DA:179,0
DA:180,0
DA:181,0
DA:182,0
DA:185,0
DA:186,0
DA:188,0
DA:189,0
DA:191,0
DA:192,0
DA:193,0
DA:194,0
DA:213,0
DA:214,0
DA:215,0
DA:216,0
DA:218,0
DA:219,0
DA:221,0
DA:222,0
DA:223,0
DA:225,0
DA:226,0
DA:227,0
DA:228,0
DA:229,0
DA:231,0
DA:234,0
DA:235,0
DA:236,0
DA:237,0
DA:241,0
DA:242,0
DA:245,0
DA:247,0
DA:248,0
DA:249,0
DA:250,0
DA:254,0
DA:262,0
DA:264,0
DA:265,0
DA:268,0
DA:269,0
DA:270,0
DA:271,0
DA:272,0
DA:273,0
DA:274,0
DA:278,0
DA:279,0
DA:280,0
DA:281,0
DA:282,0
DA:283,0
DA:286,0
DA:287,0
DA:289,0
DA:290,0
DA:292,0
DA:293,0
DA:294,0
DA:295,0
DA:310,0
DA:313,0
DA:314,0
DA:315,0
DA:317,0
DA:318,0
DA:319,0
DA:320,0
DA:323,0
DA:327,0
DA:328,0
LF:142
LH:0
BRDA:72,0,0,0
BRDA:72,0,1,0
BRDA:73,1,0,0
BRDA:73,1,1,0
BRDA:89,2,0,0
BRDA:89,2,1,0
BRDA:129,3,0,0
BRDA:129,3,1,0
BRDA:234,4,0,0
BRDA:234,4,1,0
BRDA:236,5,0,0
BRDA:236,5,1,0
BRDA:327,6,0,0
BRDA:327,6,1,0
BRDA:327,7,0,0
BRDA:327,7,1,0
BRF:16
BRH:0
end_of_record
TN:
SF:renderer/logger.js
FN:4,(anonymous_0)
FN:5,(anonymous_1)
FN:9,(anonymous_2)
FN:10,(anonymous_3)
FN:14,(anonymous_4)
FN:15,(anonymous_5)
FNF:6
FNH:6
FNDA:2,(anonymous_0)
FNDA:4,(anonymous_1)
FNDA:2,(anonymous_2)
FNDA:3,(anonymous_3)
FNDA:1,(anonymous_4)
FNDA:1,(anonymous_5)
DA:1,1
DA:3,1
DA:5,4
DA:6,2
DA:7,2
DA:10,3
DA:11,2
DA:12,2
DA:15,1
DA:16,1
DA:17,1
DA:21,1
LF:12
LH:12
BRDA:5,0,0,1
BRDA:5,0,1,3
BRDA:10,1,0,2
BRDA:10,1,1,1
BRDA:15,2,0,0
BRDA:15,2,1,1
BRF:6
BRH:5
end_of_record
TN:
SF:renderer/oklab-utils.js
FN:26,srgbToLinear
FN:39,linearToSrgb
FN:54,linearSrgbToOklab
FN:80,oklabToLinearSrgb
FN:107,rgbToOklab
FN:124,oklabToRgb
FN:144,desaturateOklab
FNF:7
FNH:7
FNDA:126,srgbToLinear
FNDA:102,linearToSrgb
FNDA:53,linearSrgbToOklab
FNDA:43,oklabToLinearSrgb
FNDA:36,rgbToOklab
FNDA:30,oklabToRgb
FNDA:13,desaturateOklab
DA:27,126
DA:28,40
DA:30,86
DA:40,102
DA:41,33
DA:43,69
DA:56,53
DA:57,53
DA:58,53
DA:61,53
DA:62,53
DA:63,53
DA:66,53
DA:82,43
DA:83,43
DA:84,43
DA:87,43
DA:88,43
DA:89,43
DA:92,43
DA:109,36
DA:110,36
DA:111,36
DA:113,36
DA:125,30
DA:128,30
DA:145,13
DA:148,13
DA:149,13
DA:151,13
DA:155,1
DA:156,1
LF:32
LH:32
BRDA:27,0,0,40
BRDA:27,0,1,86
BRDA:40,1,0,33
BRDA:40,1,1,69
BRDA:155,2,0,1
BRDA:155,2,1,0
BRDA:155,3,0,1
BRDA:155,3,1,1
BRF:8
BRH:7
end_of_record
TN:
SF:renderer/overlay.js
FN:5,(anonymous_0)
FN:14,(anonymous_1)
FN:19,(anonymous_2)
FN:40,(anonymous_3)
FN:63,(anonymous_4)
FN:73,(anonymous_5)
FN:82,(anonymous_6)
FN:90,(anonymous_7)
FN:98,(anonymous_8)
FN:120,(anonymous_9)
FN:141,(anonymous_10)
FN:161,(anonymous_11)
FN:165,(anonymous_12)
FN:169,(anonymous_13)
FN:174,(anonymous_14)
FN:193,(anonymous_15)
FN:197,(anonymous_16)
FN:202,(anonymous_17)
FN:208,(anonymous_18)
FN:215,(anonymous_19)
FN:219,(anonymous_20)
FN:223,(anonymous_21)
FN:228,(anonymous_22)
FN:232,(anonymous_23)
FN:236,(anonymous_24)
FN:240,(anonymous_25)
FN:244,(anonymous_26)
FN:248,(anonymous_27)
FN:256,(anonymous_28)
FN:261,(anonymous_29)
FN:266,(anonymous_30)
FN:270,(anonymous_31)
FN:274,(anonymous_32)
FN:278,(anonymous_33)
FN:282,(anonymous_34)
FN:286,(anonymous_35)
FN:290,(anonymous_36)
FN:294,(anonymous_37)
FN:299,(anonymous_38)
FN:304,(anonymous_39)
FN:310,(anonymous_40)
FN:318,(anonymous_41)
FNF:42
FNH:0
FNDA:0,(anonymous_0)
FNDA:0,(anonymous_1)
FNDA:0,(anonymous_2)
FNDA:0,(anonymous_3)
FNDA:0,(anonymous_4)
FNDA:0,(anonymous_5)
FNDA:0,(anonymous_6)
FNDA:0,(anonymous_7)
FNDA:0,(anonymous_8)
FNDA:0,(anonymous_9)
FNDA:0,(anonymous_10)
FNDA:0,(anonymous_11)
FNDA:0,(anonymous_12)
FNDA:0,(anonymous_13)
FNDA:0,(anonymous_14)
FNDA:0,(anonymous_15)
FNDA:0,(anonymous_16)
FNDA:0,(anonymous_17)
FNDA:0,(anonymous_18)
FNDA:0,(anonymous_19)
FNDA:0,(anonymous_20)
FNDA:0,(anonymous_21)
FNDA:0,(anonymous_22)
FNDA:0,(anonymous_23)
FNDA:0,(anonymous_24)
FNDA:0,(anonymous_25)
FNDA:0,(anonymous_26)
FNDA:0,(anonymous_27)
FNDA:0,(anonymous_28)
FNDA:0,(anonymous_29)
FNDA:0,(anonymous_30)
FNDA:0,(anonymous_31)
FNDA:0,(anonymous_32)
FNDA:0,(anonymous_33)
FNDA:0,(anonymous_34)
FNDA:0,(anonymous_35)
FNDA:0,(anonymous_36)
FNDA:0,(anonymous_37)
FNDA:0,(anonymous_38)
FNDA:0,(anonymous_39)
FNDA:0,(anonymous_40)
FNDA:0,(anonymous_41)
DA:5,0
DA:6,0
DA:7,0
DA:10,0
DA:11,0
DA:14,0
DA:15,0
DA:16,0
DA:19,0
DA:20,0
DA:24,0
DA:25,0
DA:26,0
DA:29,0
DA:30,0
DA:40,0
DA:42,0
DA:45,0
DA:46,0
DA:48,0
DA:49,0
DA:52,0
DA:53,0
DA:56,0
DA:57,0
DA:63,0
DA:64,0
DA:65,0
DA:70,0
DA:71,0
DA:73,0
DA:74,0
DA:75,0
DA:77,0
DA:79,0
DA:82,0
DA:83,0
DA:84,0
DA:85,0
DA:86,0
DA:87,0
DA:90,0
DA:91,0
DA:92,0
DA:93,0
DA:94,0
DA:98,0
DA:100,0
DA:102,0
DA:103,0
DA:106,0
DA:107,0
DA:108,0
DA:112,0
DA:115,0
DA:120,0
DA:121,0
DA:125,0
DA:126,0
DA:127,0
DA:128,0
DA:129,0
DA:131,0
DA:132,0
DA:133,0
DA:134,0
DA:141,0
DA:142,0
DA:143,0
DA:145,0
DA:149,0
DA:151,0
DA:152,0
DA:153,0
DA:155,0
DA:156,0
DA:161,0
DA:162,0
DA:165,0
DA:166,0
DA:169,0
DA:170,0
DA:174,0
DA:175,0
DA:176,0
DA:177,0
DA:178,0
DA:180,0
DA:181,0
DA:182,0
DA:184,0
DA:185,0
DA:187,0
DA:188,0
DA:193,0
DA:194,0
DA:197,0
DA:198,0
DA:202,0
DA:203,0
DA:204,0
DA:208,0
DA:209,0
DA:210,0
DA:211,0
DA:215,0
DA:216,0
DA:219,0
DA:220,0
DA:223,0
DA:224,0
DA:225,0
DA:228,0
DA:229,0
DA:232,0
DA:233,0
DA:236,0
DA:237,0
DA:240,0
DA:241,0
DA:244,0
DA:245,0
DA:248,0
DA:249,0
DA:250,0
DA:253,0
DA:256,0
DA:257,0
DA:258,0
DA:261,0
DA:262,0
DA:263,0
DA:266,0
DA:267,0
DA:270,0
DA:271,0
DA:274,0
DA:275,0
DA:278,0
DA:279,0
DA:282,0
DA:283,0
DA:286,0
DA:287,0
DA:290,0
DA:291,0
DA:294,0
DA:295,0
DA:296,0
DA:299,0
DA:300,0
DA:301,0
DA:304,0
DA:305,0
DA:306,0
DA:310,0
DA:311,0
DA:312,0
DA:313,0
DA:314,0
DA:318,0
DA:319,0
DA:320,0
DA:321,0
DA:325,0
LF:165
LH:0
BRDA:24,0,0,0
BRDA:24,0,1,0
BRDA:40,1,0,0
BRDA:42,2,0,0
BRDA:42,2,1,0
BRDA:48,3,0,0
BRDA:48,3,1,0
BRDA:56,4,0,0
BRDA:56,4,1,0
BRDA:64,5,0,0
BRDA:64,5,1,0
BRDA:74,6,0,0
BRDA:74,6,1,0
BRDA:75,7,0,0
BRDA:75,7,1,0
BRDA:83,8,0,0
BRDA:83,8,1,0
BRDA:91,9,0,0
BRDA:91,9,1,0
BRDA:102,10,0,0
BRDA:102,10,1,0
BRDA:106,11,0,0
BRDA:106,11,1,0
BRDA:106,12,0,0
BRDA:106,12,1,0
BRDA:106,12,2,0
BRDA:112,13,0,0
BRDA:112,13,1,0
BRDA:121,14,0,0
BRDA:121,14,1,0
BRDA:121,15,0,0
BRDA:121,15,1,0
BRDA:125,16,0,0
BRDA:125,16,1,0
BRDA:126,17,0,0
BRDA:126,17,1,0
BRDA:127,18,0,0
BRDA:127,18,1,0
BRDA:131,19,0,0
BRDA:131,19,1,0
BRDA:132,20,0,0
BRDA:132,20,1,0
BRDA:141,21,0,0
BRDA:142,22,0,0
BRDA:142,22,1,0
BRDA:151,23,0,0
BRDA:151,23,1,0
BRDA:176,24,0,0
BRDA:176,24,1,0
BRDA:177,25,0,0
BRDA:177,25,1,0
BRDA:180,26,0,0
BRDA:180,26,1,0
BRDA:182,27,0,0
BRDA:182,27,1,0
BRDA:184,28,0,0
BRDA:184,28,1,0
BRDA:185,29,0,0
BRDA:185,29,1,0
BRDA:187,30,0,0
BRDA:187,30,1,0
BRDA:188,31,0,0
BRDA:188,31,1,0
BRDA:198,32,0,0
BRDA:198,32,1,0
BRDA:203,33,0,0
BRDA:203,33,1,0
BRDA:209,34,0,0
BRDA:209,34,1,0
BRDA:216,35,0,0
BRDA:216,35,1,0
BRDA:250,36,0,0
BRDA:250,36,1,0
BRDA:258,37,0,0
BRDA:258,37,1,0
BRDA:263,38,0,0
BRDA:263,38,1,0
BRDA:291,39,0,0
BRDA:291,39,1,0
BRDA:296,40,0,0
BRDA:296,40,1,0
BRDA:301,41,0,0
BRDA:301,41,1,0
BRDA:306,42,0,0
BRDA:306,42,1,0
BRDA:311,43,0,0
BRDA:311,43,1,0
BRDA:312,44,0,0
BRDA:312,44,1,0
BRDA:313,45,0,0
BRDA:313,45,1,0
BRDA:319,46,0,0
BRDA:319,46,1,0
BRDA:319,47,0,0
BRDA:319,47,1,0
BRF:95
BRH:0
end_of_record
TN:
SF:renderer/preload.js
FN:7,(anonymous_0)
FN:15,(anonymous_1)
FN:56,(anonymous_2)
FN:67,(anonymous_3)
FN:243,(anonymous_4)
FN:261,(anonymous_5)
FN:271,(anonymous_6)
FN:273,(anonymous_7)
FN:288,(anonymous_8)
FN:297,(anonymous_9)
FN:300,(anonymous_10)
FN:308,(anonymous_11)
FN:318,(anonymous_12)
FN:322,(anonymous_13)
FN:331,(anonymous_14)
FN:338,(anonymous_15)
FN:356,(anonymous_16)
FN:358,(anonymous_17)
FN:373,(anonymous_18)
FN:387,(anonymous_19)
FN:394,(anonymous_20)
FN:399,(anonymous_21)
FN:406,(anonymous_22)
FN:424,(anonymous_23)
FN:425,(anonymous_24)
FN:428,(anonymous_25)
FNF:26
FNH:0
FNDA:0,(anonymous_0)
FNDA:0,(anonymous_1)
FNDA:0,(anonymous_2)
FNDA:0,(anonymous_3)
FNDA:0,(anonymous_4)
FNDA:0,(anonymous_5)
FNDA:0,(anonymous_6)
FNDA:0,(anonymous_7)
FNDA:0,(anonymous_8)
FNDA:0,(anonymous_9)
FNDA:0,(anonymous_10)
FNDA:0,(anonymous_11)
FNDA:0,(anonymous_12)
FNDA:0,(anonymous_13)
FNDA:0,(anonymous_14)
FNDA:0,(anonymous_15)
FNDA:0,(anonymous_16)
FNDA:0,(anonymous_17)
FNDA:0,(anonymous_18)
FNDA:0,(anonymous_19)
FNDA:0,(anonymous_20)
FNDA:0,(anonymous_21)
FNDA:0,(anonymous_22)
FNDA:0,(anonymous_23)
FNDA:0,(anonymous_24)
FNDA:0,(anonymous_25)
DA:1,0
DA:3,0
DA:16,0
DA:17,0
DA:18,0
DA:21,0
DA:22,0
DA:23,0
DA:24,0
DA:25,0
DA:26,0
DA:27,0
DA:28,0
DA:29,0
DA:30,0
DA:31,0
DA:34,0
DA:35,0
DA:36,0
DA:37,0
DA:38,0
DA:39,0
DA:40,0
DA:41,0
DA:42,0
DA:43,0
DA:44,0
DA:46,0
DA:57,0
DA:58,0
DA:61,0
DA:63,0
DA:68,0
DA:69,0
DA:75,0
DA:76,0
DA:77,0
DA:78,0
DA:80,0
DA:83,0
DA:84,0
DA:86,0
DA:87,0
DA:88,0
DA:89,0
DA:90,0
DA:91,0
DA:94,0
DA:97,0
DA:98,0
DA:100,0
DA:102,0
DA:103,0
DA:106,0
DA:107,0
DA:108,0
DA:109,0
DA:113,0
DA:114,0
DA:116,0
DA:117,0
DA:121,0
DA:124,0
DA:125,0
DA:127,0
DA:128,0
DA:131,0
DA:147,0
DA:148,0
DA:149,0
DA:150,0
DA:151,0
DA:154,0
DA:155,0
DA:170,0
DA:191,0
DA:192,0
DA:193,0
DA:194,0
DA:197,0
DA:198,0
DA:212,0
DA:218,0
DA:219,0
DA:220,0
DA:221,0
DA:224,0
DA:225,0
DA:238,0
DA:243,0
DA:244,0
DA:247,0
DA:248,0
DA:249,0
DA:250,0
DA:252,0
DA:255,0
DA:256,0
DA:257,0
DA:261,0
DA:262,0
DA:268,0
DA:269,0
DA:270,0
DA:271,0
DA:272,0
DA:273,0
DA:276,0
DA:278,0
DA:279,0
DA:283,0
DA:284,0
DA:288,0
DA:289,0
DA:290,0
DA:293,0
DA:296,0
DA:297,0
DA:298,0
DA:300,0
DA:306,0
DA:308,0
DA:309,0
DA:310,0
DA:311,0
DA:313,0
DA:318,0
DA:319,0
DA:320,0
DA:322,0
DA:324,0
DA:329,0
DA:331,0
DA:332,0
DA:333,0
DA:335,0
DA:338,0
DA:339,0
DA:341,0
DA:349,0
DA:354,0
DA:355,0
DA:356,0
DA:357,0
DA:358,0
DA:359,0
DA:361,0
DA:362,0
DA:365,0
DA:366,0
DA:368,0
DA:373,0
DA:374,0
DA:376,0
DA:380,0
DA:381,0
DA:384,0
DA:387,0
DA:388,0
DA:394,0
DA:395,0
DA:399,0
DA:400,0
DA:401,0
DA:406,0
DA:408,0
DA:409,0
DA:411,0
DA:413,0
DA:424,0
DA:425,0
DA:428,0
DA:429,0
DA:430,0
DA:431,0
DA:432,0
DA:434,0
LF:177
LH:0
BRDA:21,0,0,0
BRDA:21,0,1,0
BRDA:22,1,0,0
BRDA:22,1,1,0
BRDA:23,2,0,0
BRDA:23,2,1,0
BRDA:23,3,0,0
BRDA:23,3,1,0
BRDA:24,4,0,0
BRDA:24,4,1,0
BRDA:25,5,0,0
BRDA:25,5,1,0
BRDA:25,6,0,0
BRDA:25,6,1,0
BRDA:26,7,0,0
BRDA:26,7,1,0
BRDA:26,8,0,0
BRDA:26,8,1,0
BRDA:27,9,0,0
BRDA:27,9,1,0
BRDA:27,10,0,0
BRDA:27,10,1,0
BRDA:27,10,2,0
BRDA:27,10,3,0
BRDA:28,11,0,0
BRDA:28,11,1,0
BRDA:28,12,0,0
BRDA:28,12,1,0
BRDA:28,12,2,0
BRDA:29,13,0,0
BRDA:29,13,1,0
BRDA:29,14,0,0
BRDA:29,14,1,0
BRDA:30,15,0,0
BRDA:30,15,1,0
BRDA:30,16,0,0
BRDA:30,16,1,0
BRDA:31,17,0,0
BRDA:31,17,1,0
BRDA:34,18,0,0
BRDA:34,18,1,0
BRDA:34,19,0,0
BRDA:34,19,1,0
BRDA:34,19,2,0
BRDA:34,19,3,0
BRDA:34,19,4,0
BRDA:35,20,0,0
BRDA:35,20,1,0
BRDA:36,21,0,0
BRDA:36,21,1,0
BRDA:36,22,0,0
BRDA:36,22,1,0
BRDA:36,22,2,0
BRDA:37,23,0,0
BRDA:37,23,1,0
BRDA:38,24,0,0
BRDA:38,24,1,0
BRDA:39,25,0,0
BRDA:39,25,1,0
BRDA:39,26,0,0
BRDA:39,26,1,0
BRDA:39,26,2,0
BRDA:39,26,3,0
BRDA:39,26,4,0
BRDA:40,27,0,0
BRDA:40,27,1,0
BRDA:40,28,0,0
BRDA:40,28,1,0
BRDA:41,29,0,0
BRDA:41,29,1,0
BRDA:42,30,0,0
BRDA:42,30,1,0
BRDA:43,31,0,0
BRDA:43,31,1,0
BRDA:44,32,0,0
BRDA:44,32,1,0
BRDA:56,33,0,0
BRDA:56,34,0,0
BRDA:68,35,0,0
BRDA:68,35,1,0
BRDA:80,36,0,0
BRDA:80,36,1,0
BRDA:84,37,0,0
BRDA:84,37,1,0
BRDA:84,38,0,0
BRDA:84,38,1,0
BRDA:84,38,2,0
BRDA:84,38,3,0
BRDA:89,39,0,0
BRDA:89,39,1,0
BRDA:89,40,0,0
BRDA:89,40,1,0
BRDA:89,40,2,0
BRDA:89,40,3,0
BRDA:94,41,0,0
BRDA:94,41,1,0
BRDA:98,42,0,0
BRDA:98,42,1,0
BRDA:102,43,0,0
BRDA:102,43,1,0
BRDA:107,44,0,0
BRDA:107,44,1,0
BRDA:109,45,0,0
BRDA:109,45,1,0
BRDA:113,46,0,0
BRDA:113,46,1,0
BRDA:127,47,0,0
BRDA:127,47,1,0
BRDA:127,48,0,0
BRDA:127,48,1,0
BRDA:127,48,2,0
BRDA:127,48,3,0
BRDA:150,49,0,0
BRDA:150,49,1,0
BRDA:150,50,0,0
BRDA:150,50,1,0
BRDA:150,50,2,0
BRDA:150,50,3,0
BRDA:154,51,0,0
BRDA:154,51,1,0
BRDA:154,52,0,0
BRDA:154,52,1,0
BRDA:193,53,0,0
BRDA:193,53,1,0
BRDA:193,54,0,0
BRDA:193,54,1,0
BRDA:193,54,2,0
BRDA:193,54,3,0
BRDA:197,55,0,0
BRDA:197,55,1,0
BRDA:197,56,0,0
BRDA:197,56,1,0
BRDA:220,57,0,0
BRDA:220,57,1,0
BRDA:220,58,0,0
BRDA:220,58,1,0
BRDA:220,58,2,0
BRDA:220,58,3,0
BRDA:224,59,0,0
BRDA:224,59,1,0
BRDA:224,60,0,0
BRDA:224,60,1,0
BRDA:261,61,0,0
BRDA:262,62,0,0
BRDA:262,62,1,0
BRDA:262,63,0,0
BRDA:262,63,1,0
BRDA:268,64,0,0
BRDA:268,64,1,0
BRDA:279,65,0,0
BRDA:279,65,1,0
BRDA:279,65,2,0
BRDA:279,65,3,0
BRDA:283,66,0,0
BRDA:283,66,1,0
BRDA:284,67,0,0
BRDA:284,67,1,0
BRDA:319,68,0,0
BRDA:319,68,1,0
BRDA:329,69,0,0
BRDA:329,69,1,0
BRDA:357,70,0,0
BRDA:357,70,1,0
BRDA:361,71,0,0
BRDA:361,71,1,0
BRDA:374,72,0,0
BRDA:374,72,1,0
BRDA:411,73,0,0
BRDA:411,73,1,0
BRDA:411,74,0,0
BRDA:411,74,1,0
BRDA:430,75,0,0
BRDA:430,75,1,0
BRDA:430,76,0,0
BRDA:430,76,1,0
BRDA:430,76,2,0
BRF:176
BRH:0
end_of_record
TN:
SF:renderer/saliency-worker.js
FN:30,loadModels
FN:56,srgbToLinear
FN:67,linearSrgbToOklab
FN:87,gaussianBlurCached
FN:99,computeCenterSurround
FN:130,generateStructureMasks
FN:173,drawFaceBlob
FN:206,(anonymous_7)
FN:327,computeLocalVarianceCached
FNF:9
FNH:0
FNDA:0,loadModels
FNDA:0,srgbToLinear
FNDA:0,linearSrgbToOklab
FNDA:0,gaussianBlurCached
FNDA:0,computeCenterSurround
FNDA:0,generateStructureMasks
FNDA:0,drawFaceBlob
FNDA:0,(anonymous_7)
FNDA:0,computeLocalVarianceCached
DA:7,0
DA:8,0
DA:9,0
DA:10,0
DA:11,0
DA:13,0
DA:18,0
DA:19,0
DA:26,0
DA:31,0
DA:32,0
DA:34,0
DA:38,0
DA:40,0
DA:41,0
DA:43,0
DA:48,0
DA:57,0
DA:58,0
DA:60,0
DA:68,0
DA:69,0
DA:70,0
DA:72,0
DA:73,0
DA:74,0
DA:76,0
DA:88,0
DA:89,0
DA:90,0
DA:91,0
DA:93,0
DA:100,0
DA:101,0
DA:104,0
DA:107,0
DA:111,0
DA:114,0
DA:117,0
DA:120,0
DA:121,0
DA:124,0
DA:131,0
DA:132,0
DA:133,0
DA:139,0
DA:140,0
DA:142,0
DA:143,0
DA:144,0
DA:145,0
DA:146,0
DA:148,0
DA:149,0
DA:150,0
DA:151,0
DA:152,0
DA:154,0
DA:156,0
DA:157,0
DA:158,0
DA:159,0
DA:160,0
DA:161,0
DA:162,0
DA:167,0
DA:175,0
DA:176,0
DA:180,0
DA:181,0
DA:184,0
DA:185,0
DA:186,0
DA:187,0
DA:188,0
DA:190,0
DA:191,0
DA:192,0
DA:193,0
DA:194,0
DA:197,0
DA:200,0
DA:201,0
DA:206,0
DA:207,0
DA:209,0
DA:212,0
DA:213,0
DA:215,0
DA:216,0
DA:217,0
DA:222,0
DA:223,0
DA:226,0
DA:227,0
DA:230,0
DA:231,0
DA:234,0
DA:235,0
DA:236,0
DA:237,0
DA:238,0
DA:239,0
DA:242,0
DA:243,0
DA:244,0
DA:248,0
DA:250,0
DA:253,0
DA:254,0
DA:258,0
DA:260,0
DA:262,0
DA:263,0
DA:264,0
DA:266,0
DA:267,0
DA:269,0
DA:270,0
DA:271,0
DA:273,0
DA:275,0
DA:282,0
DA:287,0
DA:292,0
DA:293,0
DA:294,0
DA:297,0
DA:299,0
DA:300,0
DA:301,0
DA:304,0
DA:307,0
DA:308,0
DA:309,0
DA:313,0
DA:314,0
DA:315,0
DA:319,0
DA:320,0
DA:321,0
DA:328,0
DA:331,0
DA:332,0
DA:333,0
DA:334,0
DA:337,0
DA:338,0
DA:339,0
DA:344,0
DA:345,0
DA:346,0
DA:347,0
DA:349,0
DA:350,0
DA:351,0
DA:352,0
DA:353,0
DA:354,0
DA:355,0
DA:356,0
DA:358,0
DA:359,0
DA:360,0
DA:365,0
DA:366,0
DA:367,0
DA:370,0
DA:371,0
DA:375,0
DA:376,0
DA:382,0
DA:383,0
DA:385,0
DA:386,0
DA:387,0
DA:388,0
DA:389,0
DA:393,0
DA:394,0
DA:395,0
DA:396,0
DA:398,0
DA:399,0
DA:401,0
DA:404,0
DA:406,0
DA:412,0
DA:413,0
DA:414,0
DA:417,0
DA:422,0
DA:425,0
DA:426,0
DA:430,0
DA:431,0
DA:434,0
DA:435,0
DA:438,0
DA:441,0
DA:445,0
DA:446,0
DA:447,0
DA:448,0
DA:452,0
LF:205
LH:0
BRDA:57,0,0,0
BRDA:57,0,1,0
BRDA:89,1,0,0
BRDA:89,1,1,0
BRDA:89,2,0,0
BRDA:89,2,1,0
BRDA:161,3,0,0
BRDA:161,3,1,0
BRDA:209,4,0,0
BRDA:209,4,1,0
BRDA:212,5,0,0
BRDA:212,5,1,0
BRDA:222,6,0,0
BRDA:222,6,1,0
BRDA:223,7,0,0
BRDA:223,7,1,0
BRDA:234,8,0,0
BRDA:234,8,1,0
BRDA:234,9,0,0
BRDA:234,9,1,0
BRDA:260,10,0,0
BRDA:260,10,1,0
BRDA:269,11,0,0
BRDA:269,11,1,0
BRDA:269,12,0,0
BRDA:269,12,1,0
BRDA:385,13,0,0
BRDA:385,13,1,0
BRDA:385,14,0,0
BRDA:385,14,1,0
BRDA:385,14,2,0
BRDA:386,15,0,0
BRDA:386,15,1,0
BRDA:412,16,0,0
BRDA:412,16,1,0
BRDA:412,17,0,0
BRDA:412,17,1,0
BRDA:426,18,0,0
BRDA:426,18,1,0
BRDA:430,19,0,0
BRDA:430,19,1,0
BRF:41
BRH:0
end_of_record
TN:
SF:renderer/scrutinizer-visualizer.js
FN:15,(anonymous_0)
FN:47,(anonymous_1)
FN:69,(anonymous_2)
FN:325,(anonymous_3)
FN:340,(anonymous_4)
FN:353,(anonymous_5)
FN:359,(anonymous_6)
FNF:7
FNH:0
FNDA:0,(anonymous_0)
FNDA:0,(anonymous_1)
FNDA:0,(anonymous_2)
FNDA:0,(anonymous_3)
FNDA:0,(anonymous_4)
FNDA:0,(anonymous_5)
FNDA:0,(anonymous_6)
DA:16,0
DA:17,0
DA:24,0
DA:28,0
DA:29,0
DA:30,0
DA:33,0
DA:34,0
DA:35,0
DA:36,0
DA:39,0
DA:40,0
DA:41,0
DA:43,0
DA:44,0
DA:49,0
DA:50,0
DA:51,0
DA:52,0
DA:53,0
DA:54,0
DA:55,0
DA:58,0
DA:59,0
DA:62,0
DA:63,0
DA:66,0
DA:70,0
DA:73,0
DA:84,0
DA:282,0
DA:285,0
DA:286,0
DA:288,0
DA:289,0
DA:290,0
DA:291,0
DA:292,0
DA:293,0
DA:294,0
DA:295,0
DA:298,0
DA:299,0
DA:302,0
DA:303,0
DA:304,0
DA:309,0
DA:310,0
DA:311,0
DA:317,0
DA:318,0
DA:319,0
DA:320,0
DA:321,0
DA:322,0
DA:326,0
DA:327,0
DA:329,0
DA:330,0
DA:331,0
DA:332,0
DA:334,0
DA:335,0
DA:337,0
DA:341,0
DA:342,0
DA:343,0
DA:345,0
DA:346,0
DA:347,0
DA:348,0
DA:350,0
DA:354,0
DA:355,0
DA:356,0
DA:360,0
DA:361,0
DA:363,0
DA:364,0
DA:365,0
DA:367,0
DA:369,0
DA:371,0
DA:372,0
DA:373,0
DA:375,0
DA:376,0
DA:377,0
DA:383,0
DA:384,0
DA:385,0
DA:390,0
DA:391,0
DA:392,0
DA:395,0
DA:398,0
DA:401,0
DA:403,0
DA:404,0
DA:405,0
DA:406,0
DA:407,0
DA:408,0
DA:409,0
DA:412,0
DA:413,0
DA:415,0
DA:417,0
DA:422,0
DA:423,0
DA:425,0
LF:111
LH:0
BRDA:24,0,0,0
BRDA:24,0,1,0
BRDA:24,0,2,0
BRDA:28,1,0,0
BRDA:28,1,1,0
BRDA:334,2,0,0
BRDA:334,2,1,0
BRDA:345,3,0,0
BRDA:345,3,1,0
BRDA:359,4,0,0
BRDA:359,5,0,0
BRDA:359,6,0,0
BRDA:360,7,0,0
BRDA:360,7,1,0
BRDA:363,8,0,0
BRDA:363,8,1,0
BRDA:363,9,0,0
BRDA:363,9,1,0
BRDA:395,10,0,0
BRDA:395,10,1,0
BRDA:422,11,0,0
BRDA:422,11,1,0
BRDA:422,12,0,0
BRDA:422,12,1,0
BRF:24
BRH:0
end_of_record
TN:
SF:renderer/scrutinizer.js
FN:17,(anonymous_0)
FN:44,(anonymous_1)
FN:128,(anonymous_2)
FN:152,(anonymous_3)
FN:163,(anonymous_4)
FN:167,(anonymous_5)
FN:182,(anonymous_6)
FN:209,(anonymous_7)
FN:223,(anonymous_8)
FN:229,(anonymous_9)
FN:251,(anonymous_10)
FN:266,(anonymous_11)
FN:275,(anonymous_12)
FN:284,(anonymous_13)
FN:287,(anonymous_14)
FN:290,(anonymous_15)
FN:293,(anonymous_16)
FN:298,(anonymous_17)
FN:311,(anonymous_18)
FN:329,(anonymous_19)
FN:336,(anonymous_20)
FN:346,(anonymous_21)
FN:355,(anonymous_22)
FN:359,(anonymous_23)
FN:384,(anonymous_24)
FN:431,(anonymous_25)
FN:433,(anonymous_26)
FN:440,(anonymous_27)
FN:451,(anonymous_28)
FN:612,(anonymous_29)
FN:655,(anonymous_30)
FN:661,(anonymous_31)
FN:677,(anonymous_32)
FN:689,(anonymous_33)
FN:693,(anonymous_34)
FN:697,(anonymous_35)
FN:702,(anonymous_36)
FN:706,(anonymous_37)
FN:710,(anonymous_38)
FN:714,(anonymous_39)
FN:718,(anonymous_40)
FN:722,(anonymous_41)
FN:730,(anonymous_42)
FN:739,(anonymous_43)
FN:747,(anonymous_44)
FN:755,(anonymous_45)
FN:763,(anonymous_46)
FN:771,(anonymous_47)
FN:780,(anonymous_48)
FN:785,(anonymous_49)
FN:792,(anonymous_50)
FN:799,(anonymous_51)
FN:816,(anonymous_52)
FN:867,(anonymous_53)
FN:884,(anonymous_54)
FN:892,(anonymous_55)
FN:901,(anonymous_56)
FN:910,(anonymous_57)
FN:911,(anonymous_58)
FN:913,(anonymous_59)
FN:914,(anonymous_60)
FN:916,(anonymous_61)
FN:917,(anonymous_62)
FN:919,(anonymous_63)
FN:920,(anonymous_64)
FN:922,(anonymous_65)
FN:923,(anonymous_66)
FN:925,(anonymous_67)
FN:926,(anonymous_68)
FN:928,(anonymous_69)
FN:929,(anonymous_70)
FN:931,(anonymous_71)
FN:932,(anonymous_72)
FN:934,(anonymous_73)
FN:935,(anonymous_74)
FN:937,(anonymous_75)
FN:939,(anonymous_76)
FN:940,(anonymous_77)
FN:942,(anonymous_78)
FN:943,(anonymous_79)
FN:945,(anonymous_80)
FN:953,(anonymous_81)
FN:988,(anonymous_82)
FN:1000,(anonymous_83)
FN:1007,(anonymous_84)
FN:1014,(anonymous_85)
FN:1018,(anonymous_86)
FN:1029,(anonymous_87)
FN:1030,(anonymous_88)
FN:1034,(anonymous_89)
FNF:90
FNH:0
FNDA:0,(anonymous_0)
FNDA:0,(anonymous_1)
FNDA:0,(anonymous_2)
FNDA:0,(anonymous_3)
FNDA:0,(anonymous_4)
FNDA:0,(anonymous_5)
FNDA:0,(anonymous_6)
FNDA:0,(anonymous_7)
FNDA:0,(anonymous_8)
FNDA:0,(anonymous_9)
FNDA:0,(anonymous_10)
FNDA:0,(anonymous_11)
FNDA:0,(anonymous_12)
FNDA:0,(anonymous_13)
FNDA:0,(anonymous_14)
FNDA:0,(anonymous_15)
FNDA:0,(anonymous_16)
FNDA:0,(anonymous_17)
FNDA:0,(anonymous_18)
FNDA:0,(anonymous_19)
FNDA:0,(anonymous_20)
FNDA:0,(anonymous_21)
FNDA:0,(anonymous_22)
FNDA:0,(anonymous_23)
FNDA:0,(anonymous_24)
FNDA:0,(anonymous_25)
FNDA:0,(anonymous_26)
FNDA:0,(anonymous_27)
FNDA:0,(anonymous_28)
FNDA:0,(anonymous_29)
FNDA:0,(anonymous_30)
FNDA:0,(anonymous_31)
FNDA:0,(anonymous_32)
FNDA:0,(anonymous_33)
FNDA:0,(anonymous_34)
FNDA:0,(anonymous_35)
FNDA:0,(anonymous_36)
FNDA:0,(anonymous_37)
FNDA:0,(anonymous_38)
FNDA:0,(anonymous_39)
FNDA:0,(anonymous_40)
FNDA:0,(anonymous_41)
FNDA:0,(anonymous_42)
FNDA:0,(anonymous_43)
FNDA:0,(anonymous_44)
FNDA:0,(anonymous_45)
FNDA:0,(anonymous_46)
FNDA:0,(anonymous_47)
FNDA:0,(anonymous_48)
FNDA:0,(anonymous_49)
FNDA:0,(anonymous_50)
FNDA:0,(anonymous_51)
FNDA:0,(anonymous_52)
FNDA:0,(anonymous_53)
FNDA:0,(anonymous_54)
FNDA:0,(anonymous_55)
FNDA:0,(anonymous_56)
FNDA:0,(anonymous_57)
FNDA:0,(anonymous_58)
FNDA:0,(anonymous_59)
FNDA:0,(anonymous_60)
FNDA:0,(anonymous_61)
FNDA:0,(anonymous_62)
FNDA:0,(anonymous_63)
FNDA:0,(anonymous_64)
FNDA:0,(anonymous_65)
FNDA:0,(anonymous_66)
FNDA:0,(anonymous_67)
FNDA:0,(anonymous_68)
FNDA:0,(anonymous_69)
FNDA:0,(anonymous_70)
FNDA:0,(anonymous_71)
FNDA:0,(anonymous_72)
FNDA:0,(anonymous_73)
FNDA:0,(anonymous_74)
FNDA:0,(anonymous_75)
FNDA:0,(anonymous_76)
FNDA:0,(anonymous_77)
FNDA:0,(anonymous_78)
FNDA:0,(anonymous_79)
FNDA:0,(anonymous_80)
FNDA:0,(anonymous_81)
FNDA:0,(anonymous_82)
FNDA:0,(anonymous_83)
FNDA:0,(anonymous_84)
FNDA:0,(anonymous_85)
FNDA:0,(anonymous_86)
FNDA:0,(anonymous_87)
FNDA:0,(anonymous_88)
FNDA:0,(anonymous_89)
DA:17,0
DA:18,0
DA:19,0
DA:20,0
DA:21,0
DA:22,0
DA:23,0
DA:24,0
DA:25,0
DA:26,0
DA:30,0
DA:31,0
DA:33,0
DA:37,0
DA:38,0
DA:40,0
DA:46,0
DA:59,0
DA:62,0
DA:63,0
DA:65,0
DA:66,0
DA:67,0
DA:71,0
DA:72,0
DA:73,0
DA:77,0
DA:80,0
DA:81,0
DA:82,0
DA:85,0
DA:91,0
DA:92,0
DA:95,0
DA:96,0
DA:97,0
DA:98,0
DA:99,0
DA:100,0
DA:101,0
DA:104,0
DA:105,0
DA:106,0
DA:107,0
DA:109,0
DA:110,0
DA:111,0
DA:112,0
DA:113,0
DA:116,0
DA:117,0
DA:118,0
DA:120,0
DA:124,0
DA:125,0
DA:126,0
DA:129,0
DA:135,0
DA:136,0
DA:139,0
DA:140,0
DA:141,0
DA:143,0
DA:153,0
DA:154,0
DA:155,0
DA:156,0
DA:157,0
DA:159,0
DA:162,0
DA:163,0
DA:167,0
DA:169,0
DA:171,0
DA:183,0
DA:184,0
DA:185,0
DA:186,0
DA:187,0
DA:188,0
DA:189,0
DA:190,0
DA:191,0
DA:192,0
DA:193,0
DA:194,0
DA:195,0
DA:196,0
DA:197,0
DA:198,0
DA:199,0
DA:200,0
DA:203,0
DA:210,0
DA:211,0
DA:212,0
DA:213,0
DA:215,0
DA:216,0
DA:217,0
DA:224,0
DA:229,0
DA:230,0
DA:234,0
DA:235,0
DA:236,0
DA:237,0
DA:239,0
DA:242,0
DA:243,0
DA:246,0
DA:247,0
DA:248,0
DA:250,0
DA:251,0
DA:252,0
DA:258,0
DA:261,0
DA:262,0
DA:264,0
DA:265,0
DA:266,0
DA:267,0
DA:271,0
DA:272,0
DA:274,0
DA:275,0
DA:276,0
DA:284,0
DA:285,0
DA:287,0
DA:288,0
DA:290,0
DA:291,0
DA:293,0
DA:294,0
DA:298,0
DA:300,0
DA:302,0
DA:304,0
DA:305,0
DA:306,0
DA:307,0
DA:310,0
DA:311,0
DA:312,0
DA:318,0
DA:321,0
DA:322,0
DA:323,0
DA:330,0
DA:331,0
DA:332,0
DA:333,0
DA:337,0
DA:338,0
DA:339,0
DA:340,0
DA:341,0
DA:342,0
DA:347,0
DA:348,0
DA:349,0
DA:350,0
DA:356,0
DA:357,0
DA:359,0
DA:360,0
DA:361,0
DA:364,0
DA:365,0
DA:368,0
DA:369,0
DA:371,0
DA:372,0
DA:373,0
DA:374,0
DA:377,0
DA:385,0
DA:389,0
DA:390,0
DA:391,0
DA:397,0
DA:399,0
DA:403,0
DA:404,0
DA:405,0
DA:406,0
DA:407,0
DA:408,0
DA:410,0
DA:413,0
DA:416,0
DA:419,0
DA:420,0
DA:421,0
DA:423,0
DA:424,0
DA:425,0
DA:432,0
DA:433,0
DA:434,0
DA:435,0
DA:437,0
DA:441,0
DA:442,0
DA:443,0
DA:452,0
DA:453,0
DA:454,0
DA:457,0
DA:458,0
DA:459,0
DA:460,0
DA:463,0
DA:466,0
DA:467,0
DA:468,0
DA:469,0
DA:471,0
DA:474,0
DA:475,0
DA:476,0
DA:478,0
DA:481,0
DA:484,0
DA:489,0
DA:490,0
DA:491,0
DA:492,0
DA:503,0
DA:506,0
DA:507,0
DA:508,0
DA:509,0
DA:510,0
DA:511,0
DA:514,0
DA:516,0
DA:517,0
DA:519,0
DA:521,0
DA:522,0
DA:523,0
DA:529,0
DA:534,0
DA:535,0
DA:536,0
DA:537,0
DA:538,0
DA:539,0
DA:540,0
DA:541,0
DA:542,0
DA:544,0
DA:545,0
DA:547,0
DA:548,0
DA:553,0
DA:554,0
DA:561,0
DA:562,0
DA:566,0
DA:567,0
DA:568,0
DA:569,0
DA:570,0
DA:572,0
DA:574,0
DA:576,0
DA:579,0
DA:580,0
DA:581,0
DA:582,0
DA:583,0
DA:584,0
DA:586,0
DA:594,0
DA:598,0
DA:599,0
DA:600,0
DA:601,0
DA:602,0
DA:604,0
DA:606,0
DA:607,0
DA:608,0
DA:611,0
DA:612,0
DA:613,0
DA:614,0
DA:621,0
DA:622,0
DA:645,0
DA:646,0
DA:649,0
DA:650,0
DA:656,0
DA:662,0
DA:663,0
DA:664,0
DA:666,0
DA:667,0
DA:668,0
DA:669,0
DA:671,0
DA:672,0
DA:673,0
DA:679,0
DA:680,0
DA:682,0
DA:684,0
DA:685,0
DA:686,0
DA:690,0
DA:694,0
DA:698,0
DA:703,0
DA:707,0
DA:711,0
DA:715,0
DA:719,0
DA:723,0
DA:724,0
DA:725,0
DA:726,0
DA:731,0
DA:732,0
DA:734,0
DA:735,0
DA:740,0
DA:741,0
DA:742,0
DA:743,0
DA:748,0
DA:749,0
DA:750,0
DA:751,0
DA:756,0
DA:757,0
DA:758,0
DA:759,0
DA:764,0
DA:765,0
DA:766,0
DA:767,0
DA:772,0
DA:773,0
DA:774,0
DA:775,0
DA:781,0
DA:782,0
DA:786,0
DA:787,0
DA:788,0
DA:793,0
DA:794,0
DA:795,0
DA:796,0
DA:800,0
DA:801,0
DA:802,0
DA:803,0
DA:804,0
DA:807,0
DA:808,0
DA:817,0
DA:818,0
DA:823,0
DA:824,0
DA:825,0
DA:826,0
DA:828,0
DA:831,0
DA:832,0
DA:834,0
DA:837,0
DA:840,0
DA:841,0
DA:843,0
DA:844,0
DA:848,0
DA:850,0
DA:853,0
DA:856,0
DA:857,0
DA:858,0
DA:859,0
DA:868,0
DA:869,0
DA:875,0
DA:885,0
DA:893,0
DA:895,0
DA:896,0
DA:902,0
DA:910,0
DA:911,0
DA:913,0
DA:914,0
DA:916,0
DA:917,0
DA:919,0
DA:920,0
DA:922,0
DA:923,0
DA:925,0
DA:926,0
DA:928,0
DA:929,0
DA:931,0
DA:932,0
DA:934,0
DA:935,0
DA:937,0
DA:939,0
DA:940,0
DA:942,0
DA:943,0
DA:945,0
DA:954,0
DA:955,0
DA:956,0
DA:961,0
DA:970,0
DA:971,0
DA:972,0
DA:974,0
DA:975,0
DA:976,0
DA:978,0
DA:979,0
DA:980,0
DA:981,0
DA:989,0
DA:990,0
DA:1001,0
DA:1008,0
DA:1015,0
DA:1018,0
DA:1019,0
DA:1020,0
DA:1029,0
DA:1030,0
DA:1032,0
DA:1034,0
DA:1035,0
DA:1036,0
DA:1037,0
DA:1040,0
DA:1041,0
DA:1043,0
DA:1044,0
DA:1045,0
DA:1046,0
DA:1047,0
DA:1049,0
DA:1050,0
DA:1051,0
DA:1052,0
DA:1054,0
DA:1055,0
DA:1058,0
DA:1060,0
DA:1065,0
DA:1066,0
DA:1069,0
LF:467
LH:0
BRDA:66,0,0,0
BRDA:66,0,1,0
BRDA:81,1,0,0
BRDA:81,1,1,0
BRDA:91,2,0,0
BRDA:91,2,1,0
BRDA:91,3,0,0
BRDA:91,3,1,0
BRDA:92,4,0,0
BRDA:92,4,1,0
BRDA:97,5,0,0
BRDA:97,5,1,0
BRDA:116,6,0,0
BRDA:116,6,1,0
BRDA:116,7,0,0
BRDA:116,7,1,0
BRDA:117,8,0,0
BRDA:117,8,1,0
BRDA:124,9,0,0
BRDA:124,9,1,0
BRDA:124,10,0,0
BRDA:124,10,1,0
BRDA:125,11,0,0
BRDA:125,11,1,0
BRDA:155,12,0,0
BRDA:155,12,1,0
BRDA:211,13,0,0
BRDA:211,13,1,0
BRDA:216,14,0,0
BRDA:216,14,1,0
BRDA:234,15,0,0
BRDA:234,15,1,0
BRDA:234,16,0,0
BRDA:234,16,1,0
BRDA:236,17,0,0
BRDA:236,17,1,0
BRDA:239,18,0,0
BRDA:239,18,1,0
BRDA:242,19,0,0
BRDA:242,19,1,0
BRDA:246,20,0,0
BRDA:246,20,1,0
BRDA:246,21,0,0
BRDA:246,21,1,0
BRDA:258,22,0,0
BRDA:258,22,1,0
BRDA:261,23,0,0
BRDA:261,23,1,0
BRDA:271,24,0,0
BRDA:271,24,1,0
BRDA:302,25,0,0
BRDA:302,25,1,0
BRDA:302,26,0,0
BRDA:302,26,1,0
BRDA:304,27,0,0
BRDA:304,27,1,0
BRDA:304,28,0,0
BRDA:304,28,1,0
BRDA:322,29,0,0
BRDA:322,29,1,0
BRDA:341,30,0,0
BRDA:341,30,1,0
BRDA:348,31,0,0
BRDA:348,31,1,0
BRDA:360,32,0,0
BRDA:360,32,1,0
BRDA:371,33,0,0
BRDA:371,33,1,0
BRDA:371,34,0,0
BRDA:371,34,1,0
BRDA:385,35,0,0
BRDA:385,35,1,0
BRDA:385,36,0,0
BRDA:385,36,1,0
BRDA:390,37,0,0
BRDA:390,37,1,0
BRDA:397,38,0,0
BRDA:397,38,1,0
BRDA:397,39,0,0
BRDA:397,39,1,0
BRDA:404,40,0,0
BRDA:404,40,1,0
BRDA:404,41,0,0
BRDA:404,41,1,0
BRDA:419,42,0,0
BRDA:419,42,1,0
BRDA:424,43,0,0
BRDA:424,43,1,0
BRDA:432,44,0,0
BRDA:432,44,1,0
BRDA:441,45,0,0
BRDA:441,45,1,0
BRDA:452,46,0,0
BRDA:452,46,1,0
BRDA:454,47,0,0
BRDA:454,47,1,0
BRDA:460,48,0,0
BRDA:460,48,1,0
BRDA:463,49,0,0
BRDA:463,49,1,0
BRDA:466,50,0,0
BRDA:466,50,1,0
BRDA:467,51,0,0
BRDA:467,51,1,0
BRDA:471,52,0,0
BRDA:471,52,1,0
BRDA:475,53,0,0
BRDA:475,53,1,0
BRDA:475,54,0,0
BRDA:475,54,1,0
BRDA:478,55,0,0
BRDA:478,55,1,0
BRDA:481,56,0,0
BRDA:481,56,1,0
BRDA:484,57,0,0
BRDA:484,57,1,0
BRDA:489,58,0,0
BRDA:489,58,1,0
BRDA:507,59,0,0
BRDA:507,59,1,0
BRDA:510,60,0,0
BRDA:510,60,1,0
BRDA:514,61,0,0
BRDA:514,61,1,0
BRDA:514,62,0,0
BRDA:514,62,1,0
BRDA:514,62,2,0
BRDA:516,63,0,0
BRDA:516,63,1,0
BRDA:521,64,0,0
BRDA:521,64,1,0
BRDA:522,65,0,0
BRDA:522,65,1,0
BRDA:529,66,0,0
BRDA:529,66,1,0
BRDA:529,67,0,0
BRDA:529,67,1,0
BRDA:529,67,2,0
BRDA:529,67,3,0
BRDA:538,68,0,0
BRDA:538,68,1,0
BRDA:547,69,0,0
BRDA:547,69,1,0
BRDA:547,70,0,0
BRDA:547,70,1,0
BRDA:562,71,0,0
BRDA:562,71,1,0
BRDA:572,72,0,0
BRDA:572,72,1,0
BRDA:572,72,2,0
BRDA:574,73,0,0
BRDA:574,73,1,0
BRDA:574,74,0,0
BRDA:574,74,1,0
BRDA:574,74,2,0
BRDA:583,75,0,0
BRDA:583,75,1,0
BRDA:598,76,0,0
BRDA:598,76,1,0
BRDA:601,77,0,0
BRDA:601,77,1,0
BRDA:613,78,0,0
BRDA:613,78,1,0
BRDA:613,79,0,0
BRDA:613,79,1,0
BRDA:633,80,0,0
BRDA:633,80,1,0
BRDA:633,81,0,0
BRDA:633,81,1,0
BRDA:639,82,0,0
BRDA:639,82,1,0
BRDA:639,83,0,0
BRDA:639,83,1,0
BRDA:640,84,0,0
BRDA:640,84,1,0
BRDA:645,85,0,0
BRDA:645,85,1,0
BRDA:646,86,0,0
BRDA:646,86,1,0
BRDA:649,87,0,0
BRDA:649,87,1,0
BRDA:656,88,0,0
BRDA:656,88,1,0
BRDA:662,89,0,0
BRDA:662,89,1,0
BRDA:666,90,0,0
BRDA:666,90,1,0
BRDA:666,91,0,0
BRDA:666,91,1,0
BRDA:672,92,0,0
BRDA:672,92,1,0
BRDA:677,93,0,0
BRDA:679,94,0,0
BRDA:679,94,1,0
BRDA:723,95,0,0
BRDA:723,95,1,0
BRDA:731,96,0,0
BRDA:731,96,1,0
BRDA:740,97,0,0
BRDA:740,97,1,0
BRDA:748,98,0,0
BRDA:748,98,1,0
BRDA:756,99,0,0
BRDA:756,99,1,0
BRDA:764,100,0,0
BRDA:764,100,1,0
BRDA:772,101,0,0
BRDA:772,101,1,0
BRDA:787,102,0,0
BRDA:787,102,1,0
BRDA:807,103,0,0
BRDA:807,103,1,0
BRDA:818,104,0,0
BRDA:818,104,1,0
BRDA:823,105,0,0
BRDA:823,105,1,0
BRDA:825,106,0,0
BRDA:825,106,1,0
BRDA:831,107,0,0
BRDA:831,107,1,0
BRDA:840,108,0,0
BRDA:840,108,1,0
BRDA:843,109,0,0
BRDA:843,109,1,0
BRDA:848,110,0,0
BRDA:848,110,1,0
BRDA:856,111,0,0
BRDA:856,111,1,0
BRDA:867,112,0,0
BRDA:868,113,0,0
BRDA:868,113,1,0
BRDA:868,114,0,0
BRDA:868,114,1,0
BRDA:895,115,0,0
BRDA:895,115,1,0
BRDA:989,116,0,0
BRDA:989,116,1,0
BRDA:990,117,0,0
BRDA:990,117,1,0
BRDA:1015,118,0,0
BRDA:1015,118,1,0
BRDA:1015,119,0,0
BRDA:1015,119,1,0
BRDA:1019,120,0,0
BRDA:1019,120,1,0
BRDA:1032,121,0,0
BRDA:1032,121,1,0
BRDA:1036,122,0,0
BRDA:1036,122,1,0
BRDA:1046,123,0,0
BRDA:1046,123,1,0
BRDA:1047,124,0,0
BRDA:1047,124,1,0
BRDA:1049,125,0,0
BRDA:1049,125,1,0
BRDA:1049,126,0,0
BRDA:1049,126,1,0
BRDA:1065,127,0,0
BRDA:1065,127,1,0
BRDA:1065,128,0,0
BRDA:1065,128,1,0
BRF:261
BRH:0
end_of_record
TN:
SF:renderer/structure-map.js
FN:2,(anonymous_0)
FN:19,(anonymous_1)
FN:35,(anonymous_2)
FN:53,(anonymous_3)
FN:83,(anonymous_4)
FN:90,(anonymous_5)
FNF:6
FNH:0
FNDA:0,(anonymous_0)
FNDA:0,(anonymous_1)
FNDA:0,(anonymous_2)
FNDA:0,(anonymous_3)
FNDA:0,(anonymous_4)
FNDA:0,(anonymous_5)
DA:3,0
DA:4,0
DA:6,0
DA:8,0
DA:9,0
DA:10,0
DA:11,0
DA:20,0
DA:21,0
DA:23,0
DA:24,0
DA:25,0
DA:26,0
DA:27,0
DA:28,0
DA:36,0
DA:54,0
DA:55,0
DA:56,0
DA:57,0
DA:58,0
DA:59,0
DA:62,0
DA:63,0
DA:64,0
DA:65,0
DA:67,0
DA:68,0
DA:69,0
DA:70,0
DA:71,0
DA:72,0
DA:73,0
DA:74,0
DA:84,0
DA:91,0
DA:95,0
DA:96,0
LF:38
LH:0
BRDA:23,0,0,0
BRDA:23,0,1,0
BRDA:23,1,0,0
BRDA:23,1,1,0
BRDA:53,2,0,0
BRDA:59,3,0,0
BRDA:59,3,1,0
BRDA:59,4,0,0
BRDA:59,4,1,0
BRF:9
BRH:0
end_of_record
TN:
SF:renderer/svg-overlay.js
FN:12,(anonymous_0)
FN:53,(anonymous_1)
FN:74,(anonymous_2)
FN:94,(anonymous_3)
FN:106,(anonymous_4)
FN:114,(anonymous_5)
FN:143,(anonymous_6)
FN:158,(anonymous_7)
FN:225,(anonymous_8)
FNF:9
FNH:0
FNDA:0,(anonymous_0)
FNDA:0,(anonymous_1)
FNDA:0,(anonymous_2)
FNDA:0,(anonymous_3)
FNDA:0,(anonymous_4)
FNDA:0,(anonymous_5)
FNDA:0,(anonymous_6)
FNDA:0,(anonymous_7)
FNDA:0,(anonymous_8)
DA:13,0
DA:14,0
DA:15,0
DA:17,0
DA:18,0
DA:19,0
DA:21,0
DA:24,0
DA:44,0
DA:45,0
DA:46,0
DA:49,0
DA:50,0
DA:55,0
DA:56,0
DA:57,0
DA:58,0
DA:59,0
DA:60,0
DA:61,0
DA:63,0
DA:64,0
DA:65,0
DA:66,0
DA:67,0
DA:69,0
DA:70,0
DA:71,0
DA:75,0
DA:76,0
DA:77,0
DA:78,0
DA:79,0
DA:82,0
DA:84,0
DA:86,0
DA:87,0
DA:89,0
DA:91,0
DA:95,0
DA:96,0
DA:97,0
DA:98,0
DA:99,0
DA:100,0
DA:102,0
DA:103,0
DA:107,0
DA:108,0
DA:109,0
DA:110,0
DA:111,0
DA:116,0
DA:117,0
DA:119,0
DA:120,0
DA:121,0
DA:125,0
DA:126,0
DA:128,0
DA:131,0
DA:132,0
DA:136,0
DA:137,0
DA:139,0
DA:140,0
DA:144,0
DA:147,0
DA:148,0
DA:149,0
DA:151,0
DA:156,0
DA:158,0
DA:159,0
DA:160,0
DA:163,0
DA:164,0
DA:167,0
DA:168,0
DA:170,0
DA:174,0
DA:175,0
DA:176,0
DA:179,0
DA:180,0
DA:181,0
DA:182,0
DA:184,0
DA:185,0
DA:186,0
DA:187,0
DA:189,0
DA:191,0
DA:192,0
DA:193,0
DA:194,0
DA:199,0
DA:200,0
DA:201,0
DA:203,0
DA:204,0
DA:205,0
DA:209,0
DA:210,0
DA:214,0
DA:215,0
DA:216,0
DA:221,0
DA:230,0
DA:231,0
DA:234,0
DA:241,0
DA:242,0
DA:244,0
DA:245,0
DA:246,0
DA:248,0
DA:249,0
DA:250,0
DA:254,0
DA:255,0
DA:257,0
DA:258,0
DA:259,0
DA:260,0
DA:261,0
DA:263,0
DA:264,0
DA:268,0
DA:269,0
DA:274,0
DA:275,0
DA:276,0
DA:277,0
DA:278,0
DA:279,0
DA:280,0
DA:283,0
DA:284,0
DA:285,0
DA:288,0
DA:289,0
DA:291,0
DA:292,0
DA:293,0
DA:297,0
DA:299,0
DA:305,0
DA:306,0
DA:308,0
DA:309,0
LF:151
LH:0
BRDA:17,0,0,0
BRDA:17,0,1,0
BRDA:74,1,0,0
BRDA:76,2,0,0
BRDA:76,2,1,0
BRDA:84,3,0,0
BRDA:84,3,1,0
BRDA:144,4,0,0
BRDA:144,4,1,0
BRDA:151,5,0,0
BRDA:151,5,1,0
BRDA:159,6,0,0
BRDA:159,6,1,0
BRDA:159,7,0,0
BRDA:159,7,1,0
BRDA:167,8,0,0
BRDA:167,8,1,0
BRDA:199,9,0,0
BRDA:199,9,1,0
BRDA:209,10,0,0
BRDA:209,10,1,0
BRDA:214,11,0,0
BRDA:214,11,1,0
BRDA:214,12,0,0
BRDA:214,12,1,0
BRDA:234,13,0,0
BRDA:234,13,1,0
BRDA:246,14,0,0
BRDA:246,14,1,0
BRDA:277,15,0,0
BRDA:277,15,1,0
BRDA:305,16,0,0
BRDA:305,16,1,0
BRDA:308,17,0,0
BRDA:308,17,1,0
BRF:35
BRH:0
end_of_record
TN:
SF:renderer/toolbar.js
FN:10,(anonymous_0)
FN:11,(anonymous_1)
FN:12,(anonymous_2)
FN:13,(anonymous_3)
FN:16,(anonymous_4)
FN:22,(anonymous_5)
FN:27,(anonymous_6)
FN:35,(anonymous_7)
FN:43,(anonymous_8)
FN:48,(anonymous_9)
FN:54,(anonymous_10)
FNF:11
FNH:0
FNDA:0,(anonymous_0)
FNDA:0,(anonymous_1)
FNDA:0,(anonymous_2)
FNDA:0,(anonymous_3)
FNDA:0,(anonymous_4)
FNDA:0,(anonymous_5)
FNDA:0,(anonymous_6)
FNDA:0,(anonymous_7)
FNDA:0,(anonymous_8)
FNDA:0,(anonymous_9)
FNDA:0,(anonymous_10)
DA:1,0
DA:3,0
DA:4,0
DA:5,0
DA:6,0
DA:7,0
DA:10,0
DA:11,0
DA:12,0
DA:13,0
DA:16,0
DA:17,0
DA:22,0
DA:23,0
DA:24,0
DA:27,0
DA:28,0
DA:29,0
DA:31,0
DA:35,0
DA:36,0
DA:37,0
DA:39,0
DA:43,0
DA:44,0
DA:45,0
DA:48,0
DA:49,0
DA:50,0
DA:54,0
DA:55,0
DA:56,0
DA:58,0
LF:33
LH:0
BRDA:23,0,0,0
BRDA:23,0,1,0
BRDA:24,1,0,0
BRDA:24,1,1,0
BRDA:28,2,0,0
BRDA:28,2,1,0
BRDA:36,3,0,0
BRDA:36,3,1,0
BRDA:50,4,0,0
BRDA:50,4,1,0
BRDA:55,5,0,0
BRDA:55,5,1,0
BRF:12
BRH:0
end_of_record
TN:
SF:renderer/visual-memory.js
FN:13,(anonymous_0)
FN:22,(anonymous_1)
FN:50,(anonymous_2)
FN:69,(anonymous_3)
FN:88,(anonymous_4)
FN:95,(anonymous_5)
FN:102,(anonymous_6)
FN:115,(anonymous_7)
FN:128,(anonymous_8)
FN:166,(anonymous_9)
FN:169,(anonymous_10)
FN:203,(anonymous_11)
FN:244,(anonymous_12)
FNF:13
FNH:0
FNDA:0,(anonymous_0)
FNDA:0,(anonymous_1)
FNDA:0,(anonymous_2)
FNDA:0,(anonymous_3)
FNDA:0,(anonymous_4)
FNDA:0,(anonymous_5)
FNDA:0,(anonymous_6)
FNDA:0,(anonymous_7)
FNDA:0,(anonymous_8)
FNDA:0,(anonymous_9)
FNDA:0,(anonymous_10)
FNDA:0,(anonymous_11)
FNDA:0,(anonymous_12)
DA:13,0
DA:23,0
DA:24,0
DA:27,0
DA:30,0
DA:31,0
DA:34,0
DA:35,0
DA:36,0
DA:40,0
DA:41,0
DA:51,0
DA:52,0
DA:53,0
DA:56,0
DA:57,0
DA:58,0
DA:70,0
DA:72,0
DA:74,0
DA:75,0
DA:77,0
DA:78,0
DA:82,0
DA:89,0
DA:96,0
DA:103,0
DA:104,0
DA:105,0
DA:106,0
DA:107,0
DA:108,0
DA:109,0
DA:117,0
DA:129,0
DA:131,0
DA:132,0
DA:133,0
DA:134,0
DA:136,0
DA:140,0
DA:142,0
DA:146,0
DA:147,0
DA:148,0
DA:149,0
DA:151,0
DA:152,0
DA:153,0
DA:157,0
DA:158,0
DA:168,0
DA:169,0
DA:170,0
DA:171,0
DA:172,0
DA:175,0
DA:177,0
DA:178,0
DA:179,0
DA:182,0
DA:192,0
DA:193,0
DA:204,0
DA:207,0
DA:208,0
DA:210,0
DA:211,0
DA:214,0
DA:216,0
DA:217,0
DA:218,0
DA:219,0
DA:222,0
DA:226,0
DA:227,0
DA:228,0
DA:230,0
DA:231,0
DA:232,0
DA:233,0
DA:237,0
DA:245,0
DA:250,0
DA:251,0
DA:253,0
LF:86
LH:0
BRDA:72,0,0,0
BRDA:72,0,1,0
BRDA:129,1,0,0
BRDA:129,1,1,0
BRDA:131,2,0,0
BRDA:131,2,1,0
BRDA:140,3,0,0
BRDA:140,3,1,0
BRDA:140,3,2,0
BRDA:140,3,3,0
BRDA:142,4,0,0
BRDA:142,4,1,0
BRDA:146,5,0,0
BRDA:146,5,1,0
BRDA:147,6,0,0
BRDA:147,6,1,0
BRDA:152,7,0,0
BRDA:152,7,1,0
BRDA:175,8,0,0
BRDA:175,8,1,0
BRDA:192,9,0,0
BRDA:192,9,1,0
BRDA:192,10,0,0
BRDA:192,10,1,0
BRDA:204,11,0,0
BRDA:204,11,1,0
BRDA:250,12,0,0
BRDA:250,12,1,0
BRDA:250,13,0,0
BRDA:250,13,1,0
BRF:30
BRH:0
end_of_record
TN:
SF:renderer/webgl-renderer.js
FN:6,(anonymous_0)
FN:26,(anonymous_1)
FN:169,(anonymous_2)
FN:171,(anonymous_3)
FN:194,(anonymous_4)
FN:393,(anonymous_5)
FN:408,(anonymous_6)
FN:421,(anonymous_7)
FN:436,(anonymous_8)
FN:443,(anonymous_9)
FN:455,(anonymous_10)
FN:463,(anonymous_11)
FN:474,(anonymous_12)
FN:494,(anonymous_13)
FN:513,(anonymous_14)
FN:520,(anonymous_15)
FN:565,(anonymous_16)
FN:654,(anonymous_17)
FN:659,(anonymous_18)
FNF:19
FNH:0
FNDA:0,(anonymous_0)
FNDA:0,(anonymous_1)
FNDA:0,(anonymous_2)
FNDA:0,(anonymous_3)
FNDA:0,(anonymous_4)
FNDA:0,(anonymous_5)
FNDA:0,(anonymous_6)
FNDA:0,(anonymous_7)
FNDA:0,(anonymous_8)
FNDA:0,(anonymous_9)
FNDA:0,(anonymous_10)
FNDA:0,(anonymous_11)
FNDA:0,(anonymous_12)
FNDA:0,(anonymous_13)
FNDA:0,(anonymous_14)
FNDA:0,(anonymous_15)
FNDA:0,(anonymous_16)
FNDA:0,(anonymous_17)
FNDA:0,(anonymous_18)
DA:6,0
DA:7,0
DA:8,0
DA:9,0
DA:10,0
DA:11,0
DA:13,0
DA:16,0
DA:17,0
DA:18,0
DA:19,0
DA:20,0
DA:22,0
DA:27,0
DA:30,0
DA:35,0
DA:37,0
DA:38,0
DA:39,0
DA:43,0
DA:44,0
DA:46,0
DA:47,0
DA:49,0
DA:50,0
DA:51,0
DA:52,0
DA:53,0
DA:56,0
DA:57,0
DA:58,0
DA:59,0
DA:60,0
DA:61,0
DA:62,0
DA:63,0
DA:64,0
DA:65,0
DA:66,0
DA:67,0
DA:68,0
DA:69,0
DA:73,0
DA:74,0
DA:75,0
DA:76,0
DA:77,0
DA:78,0
DA:79,0
DA:80,0
DA:83,0
DA:84,0
DA:85,0
DA:88,0
DA:91,0
DA:92,0
DA:93,0
DA:94,0
DA:95,0
DA:96,0
DA:99,0
DA:100,0
DA:101,0
DA:102,0
DA:103,0
DA:106,0
DA:109,0
DA:112,0
DA:115,0
DA:116,0
DA:119,0
DA:120,0
DA:121,0
DA:122,0
DA:123,0
DA:124,0
DA:127,0
DA:128,0
DA:129,0
DA:130,0
DA:131,0
DA:132,0
DA:135,0
DA:165,0
DA:166,0
DA:171,0
DA:173,0
DA:174,0
DA:176,0
DA:177,0
DA:178,0
DA:179,0
DA:182,0
DA:185,0
DA:186,0
DA:187,0
DA:190,0
DA:195,0
DA:197,0
DA:198,0
DA:199,0
DA:202,0
DA:203,0
DA:205,0
DA:206,0
DA:207,0
DA:208,0
DA:209,0
DA:210,0
DA:214,0
DA:216,0
DA:217,0
DA:218,0
DA:219,0
DA:220,0
DA:221,0
DA:222,0
DA:223,0
DA:224,0
DA:225,0
DA:226,0
DA:227,0
DA:228,0
DA:229,0
DA:230,0
DA:231,0
DA:235,0
DA:236,0
DA:237,0
DA:238,0
DA:239,0
DA:240,0
DA:241,0
DA:242,0
DA:245,0
DA:246,0
DA:247,0
DA:248,0
DA:249,0
DA:250,0
DA:253,0
DA:256,0
DA:257,0
DA:258,0
DA:259,0
DA:260,0
DA:261,0
DA:264,0
DA:265,0
DA:266,0
DA:267,0
DA:268,0
DA:269,0
DA:272,0
DA:275,0
DA:278,0
DA:281,0
DA:282,0
DA:285,0
DA:286,0
DA:287,0
DA:290,0
DA:291,0
DA:292,0
DA:295,0
DA:296,0
DA:297,0
DA:306,0
DA:307,0
DA:308,0
DA:319,0
DA:320,0
DA:321,0
DA:322,0
DA:324,0
DA:325,0
DA:328,0
DA:329,0
DA:330,0
DA:331,0
DA:332,0
DA:333,0
DA:334,0
DA:335,0
DA:338,0
DA:339,0
DA:340,0
DA:341,0
DA:344,0
DA:345,0
DA:347,0
DA:348,0
DA:351,0
DA:352,0
DA:353,0
DA:354,0
DA:355,0
DA:357,0
DA:358,0
DA:360,0
DA:361,0
DA:362,0
DA:366,0
DA:367,0
DA:368,0
DA:369,0
DA:370,0
DA:372,0
DA:373,0
DA:374,0
DA:375,0
DA:376,0
DA:377,0
DA:378,0
DA:381,0
DA:382,0
DA:383,0
DA:384,0
DA:385,0
DA:386,0
DA:387,0
DA:389,0
DA:390,0
DA:394,0
DA:395,0
DA:397,0
DA:398,0
DA:399,0
DA:400,0
DA:402,0
DA:403,0
DA:405,0
DA:409,0
DA:410,0
DA:411,0
DA:413,0
DA:414,0
DA:415,0
DA:416,0
DA:418,0
DA:422,0
DA:423,0
DA:424,0
DA:428,0
DA:433,0
DA:437,0
DA:438,0
DA:439,0
DA:440,0
DA:444,0
DA:445,0
DA:446,0
DA:449,0
DA:450,0
DA:451,0
DA:452,0
DA:456,0
DA:457,0
DA:458,0
DA:459,0
DA:460,0
DA:464,0
DA:465,0
DA:466,0
DA:467,0
DA:468,0
DA:469,0
DA:470,0
DA:471,0
DA:475,0
DA:476,0
DA:477,0
DA:478,0
DA:479,0
DA:480,0
DA:481,0
DA:482,0
DA:483,0
DA:495,0
DA:496,0
DA:497,0
DA:499,0
DA:500,0
DA:501,0
DA:502,0
DA:507,0
DA:514,0
DA:515,0
DA:516,0
DA:524,0
DA:527,0
DA:528,0
DA:529,0
DA:530,0
DA:531,0
DA:532,0
DA:533,0
DA:536,0
DA:558,0
DA:559,0
DA:563,0
DA:565,0
DA:566,0
DA:569,0
DA:570,0
DA:571,0
DA:572,0
DA:573,0
DA:574,0
DA:575,0
DA:576,0
DA:577,0
DA:578,0
DA:579,0
DA:580,0
DA:581,0
DA:582,0
DA:583,0
DA:584,0
DA:585,0
DA:586,0
DA:587,0
DA:588,0
DA:589,0
DA:590,0
DA:591,0
DA:592,0
DA:593,0
DA:594,0
DA:595,0
DA:598,0
DA:600,0
DA:601,0
DA:603,0
DA:604,0
DA:606,0
DA:607,0
DA:609,0
DA:610,0
DA:612,0
DA:613,0
DA:615,0
DA:616,0
DA:618,0
DA:619,0
DA:621,0
DA:626,0
DA:627,0
DA:628,0
DA:629,0
DA:630,0
DA:631,0
DA:632,0
DA:633,0
DA:634,0
DA:635,0
DA:636,0
DA:637,0
DA:638,0
DA:639,0
DA:640,0
DA:641,0
DA:642,0
DA:643,0
DA:644,0
DA:645,0
DA:646,0
DA:647,0
DA:648,0
DA:649,0
DA:650,0
DA:655,0
DA:656,0
DA:657,0
DA:660,0
DA:661,0
DA:662,0
DA:666,0
DA:667,0
DA:669,0
DA:670,0
DA:671,0
DA:672,0
DA:676,0
DA:677,0
DA:680,0
DA:682,0
DA:683,0
DA:684,0
DA:686,0
DA:689,0
DA:690,0
DA:692,0
DA:694,0
DA:695,0
DA:696,0
DA:698,0
DA:699,0
DA:700,0
DA:702,0
DA:703,0
DA:704,0
DA:706,0
DA:707,0
DA:708,0
DA:710,0
DA:711,0
DA:712,0
DA:714,0
DA:715,0
DA:716,0
DA:718,0
DA:719,0
DA:720,0
DA:721,0
DA:722,0
DA:725,0
DA:726,0
DA:727,0
DA:728,0
DA:729,0
DA:731,0
DA:732,0
DA:733,0
DA:734,0
DA:735,0
DA:736,0
DA:737,0
DA:738,0
DA:739,0
DA:740,0
DA:741,0
DA:743,0
DA:744,0
DA:745,0
DA:748,0
DA:749,0
DA:750,0
DA:751,0
DA:752,0
DA:756,0
DA:762,0
DA:763,0
DA:764,0
DA:765,0
DA:766,0
DA:768,0
DA:769,0
DA:770,0
DA:774,0
DA:775,0
DA:776,0
DA:777,0
DA:778,0
DA:779,0
DA:780,0
DA:781,0
DA:782,0
DA:783,0
DA:784,0
DA:785,0
DA:786,0
DA:787,0
DA:788,0
DA:789,0
DA:790,0
DA:791,0
DA:792,0
DA:793,0
DA:794,0
DA:795,0
DA:796,0
DA:797,0
DA:798,0
DA:799,0
DA:800,0
DA:801,0
DA:802,0
DA:803,0
DA:804,0
DA:805,0
DA:806,0
DA:807,0
DA:809,0
DA:814,0
DA:815,0
DA:817,0
DA:818,0
DA:819,0
DA:820,0
DA:822,0
DA:823,0
DA:824,0
DA:828,0
DA:832,0
DA:833,0
DA:836,0
DA:838,0
DA:839,0
DA:840,0
LF:500
LH:0
BRDA:37,0,0,0
BRDA:37,0,1,0
BRDA:185,1,0,0
BRDA:185,1,1,0
BRDA:185,2,0,0
BRDA:185,2,1,0
BRDA:210,3,0,0
BRDA:210,3,1,0
BRDA:210,4,0,0
BRDA:210,4,1,0
BRDA:402,5,0,0
BRDA:402,5,1,0
BRDA:413,6,0,0
BRDA:413,6,1,0
BRDA:469,7,0,0
BRDA:469,7,1,0
BRDA:469,7,2,0
BRDA:470,8,0,0
BRDA:470,8,1,0
BRDA:470,8,2,0
BRDA:515,9,0,0
BRDA:515,9,1,0
BRDA:563,10,0,0
BRDA:563,10,1,0
BRDA:563,11,0,0
BRDA:563,11,1,0
BRDA:569,12,0,0
BRDA:569,12,1,0
BRDA:569,13,0,0
BRDA:569,13,1,0
BRDA:571,14,0,0
BRDA:571,14,1,0
BRDA:572,15,0,0
BRDA:572,15,1,0
BRDA:573,16,0,0
BRDA:573,16,1,0
BRDA:574,17,0,0
BRDA:574,17,1,0
BRDA:575,18,0,0
BRDA:575,18,1,0
BRDA:576,19,0,0
BRDA:576,19,1,0
BRDA:577,20,0,0
BRDA:577,20,1,0
BRDA:578,21,0,0
BRDA:578,21,1,0
BRDA:579,22,0,0
BRDA:579,22,1,0
BRDA:580,23,0,0
BRDA:580,23,1,0
BRDA:581,24,0,0
BRDA:581,24,1,0
BRDA:582,25,0,0
BRDA:582,25,1,0
BRDA:583,26,0,0
BRDA:583,26,1,0
BRDA:584,27,0,0
BRDA:584,27,1,0
BRDA:585,28,0,0
BRDA:585,28,1,0
BRDA:586,29,0,0
BRDA:586,29,1,0
BRDA:587,30,0,0
BRDA:587,30,1,0
BRDA:588,31,0,0
BRDA:588,31,1,0
BRDA:589,32,0,0
BRDA:589,32,1,0
BRDA:590,33,0,0
BRDA:590,33,1,0
BRDA:591,34,0,0
BRDA:591,34,1,0
BRDA:592,35,0,0
BRDA:592,35,1,0
BRDA:593,36,0,0
BRDA:593,36,1,0
BRDA:594,37,0,0
BRDA:594,37,1,0
BRDA:595,38,0,0
BRDA:595,38,1,0
BRDA:600,39,0,0
BRDA:600,39,1,0
BRDA:603,40,0,0
BRDA:603,40,1,0
BRDA:606,41,0,0
BRDA:606,41,1,0
BRDA:609,42,0,0
BRDA:609,42,1,0
BRDA:612,43,0,0
BRDA:612,43,1,0
BRDA:615,44,0,0
BRDA:615,44,1,0
BRDA:618,45,0,0
BRDA:618,45,1,0
BRDA:626,46,0,0
BRDA:626,46,1,0
BRDA:626,47,0,0
BRDA:626,47,1,0
BRDA:629,48,0,0
BRDA:629,48,1,0
BRDA:629,49,0,0
BRDA:629,49,1,0
BRDA:632,50,0,0
BRDA:632,50,1,0
BRDA:632,51,0,0
BRDA:632,51,1,0
BRDA:636,52,0,0
BRDA:636,52,1,0
BRDA:636,53,0,0
BRDA:636,53,1,0
BRDA:640,54,0,0
BRDA:640,54,1,0
BRDA:640,55,0,0
BRDA:640,55,1,0
BRDA:644,56,0,0
BRDA:644,56,1,0
BRDA:659,57,0,0
BRDA:659,58,0,0
BRDA:659,59,0,0
BRDA:659,60,0,0
BRDA:659,61,0,0
BRDA:659,62,0,0
BRDA:659,63,0,0
BRDA:659,64,0,0
BRDA:659,65,0,0
BRDA:659,66,0,0
BRDA:659,67,0,0
BRDA:659,68,0,0
BRDA:659,69,0,0
BRDA:659,70,0,0
BRDA:659,71,0,0
BRDA:660,72,0,0
BRDA:660,72,1,0
BRDA:666,73,0,0
BRDA:666,73,1,0
BRDA:670,74,0,0
BRDA:670,74,1,0
BRDA:676,75,0,0
BRDA:676,75,1,0
BRDA:676,76,0,0
BRDA:676,76,1,0
BRDA:682,77,0,0
BRDA:682,77,1,0
BRDA:682,78,0,0
BRDA:682,78,1,0
BRDA:721,79,0,0
BRDA:721,79,1,0
BRDA:722,80,0,0
BRDA:722,80,1,0
BRDA:722,81,0,0
BRDA:722,81,1,0
BRDA:728,82,0,0
BRDA:728,82,1,0
BRDA:743,83,0,0
BRDA:743,83,1,0
BRDA:765,84,0,0
BRDA:765,84,1,0
BRDA:768,85,0,0
BRDA:768,85,1,0
BRDA:768,86,0,0
BRDA:768,86,1,0
BRDA:774,87,0,0
BRDA:774,87,1,0
BRDA:775,88,0,0
BRDA:775,88,1,0
BRDA:780,89,0,0
BRDA:780,89,1,0
BRDA:781,90,0,0
BRDA:781,90,1,0
BRDA:782,91,0,0
BRDA:782,91,1,0
BRDA:785,92,0,0
BRDA:785,92,1,0
BRDA:788,93,0,0
BRDA:788,93,1,0
BRDA:789,94,0,0
BRDA:789,94,1,0
BRDA:793,95,0,0
BRDA:793,95,1,0
BRDA:794,96,0,0
BRDA:794,96,1,0
BRDA:795,97,0,0
BRDA:795,97,1,0
BRDA:804,98,0,0
BRDA:804,98,1,0
BRDA:805,99,0,0
BRDA:805,99,1,0
BRDA:806,100,0,0
BRDA:806,100,1,0
BRDA:807,101,0,0
BRDA:807,101,1,0
BRDA:809,102,0,0
BRDA:809,102,1,0
BRDA:814,103,0,0
BRDA:814,103,1,0
BRDA:818,104,0,0
BRDA:818,104,1,0
BRDA:823,105,0,0
BRDA:823,105,1,0
BRDA:832,106,0,0
BRDA:832,106,1,0
BRDA:832,107,0,0
BRDA:832,107,1,0
BRDA:840,108,0,0
BRDA:840,108,1,0
BRF:205
BRH:0
end_of_record
TN:
SF:renderer/webgpu-crowding-compute.js
FN:27,(anonymous_0)
FN:57,(anonymous_1)
FN:61,(anonymous_2)
FN:65,(anonymous_3)
FN:75,(anonymous_4)
FN:109,(anonymous_5)
FN:118,(anonymous_6)
FN:157,(anonymous_7)
FN:173,(anonymous_8)
FN:219,(anonymous_9)
FN:260,(anonymous_10)
FN:287,(anonymous_11)
FN:309,(anonymous_12)
FNF:13
FNH:0
FNDA:0,(anonymous_0)
FNDA:0,(anonymous_1)
FNDA:0,(anonymous_2)
FNDA:0,(anonymous_3)
FNDA:0,(anonymous_4)
FNDA:0,(anonymous_5)
FNDA:0,(anonymous_6)
FNDA:0,(anonymous_7)
FNDA:0,(anonymous_8)
FNDA:0,(anonymous_9)
FNDA:0,(anonymous_10)
FNDA:0,(anonymous_11)
FNDA:0,(anonymous_12)
DA:13,0
DA:14,0
DA:16,0
DA:17,0
DA:18,0
DA:19,0
DA:28,0
DA:29,0
DA:30,0
DA:31,0
DA:32,0
DA:34,0
DA:35,0
DA:36,0
DA:37,0
DA:40,0
DA:41,0
DA:42,0
DA:44,0
DA:45,0
DA:46,0
DA:49,0
DA:50,0
DA:52,0
DA:58,0
DA:62,0
DA:66,0
DA:77,0
DA:85,0
DA:86,0
DA:90,0
DA:96,0
DA:97,0
DA:103,0
DA:111,0
DA:120,0
DA:126,0
DA:127,0
DA:138,0
DA:143,0
DA:144,0
DA:158,0
DA:159,0
DA:160,0
DA:174,0
DA:177,0
DA:185,0
DA:186,0
DA:205,0
DA:206,0
DA:207,0
DA:208,0
DA:209,0
DA:210,0
DA:212,0
DA:220,0
DA:222,0
DA:225,0
DA:226,0
DA:227,0
DA:228,0
DA:229,0
DA:232,0
DA:233,0
DA:234,0
DA:235,0
DA:236,0
DA:237,0
DA:238,0
DA:241,0
DA:242,0
DA:245,0
DA:246,0
DA:247,0
DA:248,0
DA:250,0
DA:253,0
DA:261,0
DA:262,0
DA:265,0
DA:266,0
DA:267,0
DA:268,0
DA:270,0
DA:271,0
DA:272,0
DA:273,0
DA:276,0
DA:277,0
DA:279,0
DA:280,0
DA:281,0
DA:288,0
DA:289,0
DA:290,0
DA:292,0
DA:293,0
DA:294,0
DA:295,0
DA:296,0
DA:297,0
DA:299,0
DA:300,0
DA:301,0
DA:303,0
DA:310,0
DA:311,0
DA:313,0
DA:314,0
DA:315,0
DA:316,0
DA:317,0
DA:318,0
DA:320,0
DA:321,0
DA:322,0
DA:323,0
DA:324,0
DA:325,0
DA:327,0
DA:331,0
LF:121
LH:0
BRDA:158,0,0,0
BRDA:158,0,1,0
BRDA:173,1,0,0
BRDA:174,2,0,0
BRDA:174,2,1,0
BRDA:195,3,0,0
BRDA:195,3,1,0
BRDA:197,4,0,0
BRDA:197,4,1,0
BRDA:220,5,0,0
BRDA:220,5,1,0
BRDA:245,6,0,0
BRDA:245,6,1,0
BRDA:261,7,0,0
BRDA:261,7,1,0
BRDA:261,8,0,0
BRDA:261,8,1,0
BRDA:261,8,2,0
BRDA:288,9,0,0
BRDA:288,9,1,0
BRDA:288,10,0,0
BRDA:288,10,1,0
BRDA:310,11,0,0
BRDA:310,11,1,0
BRF:24
BRH:0
end_of_record
TN:
SF:renderer/webgpu-probe.js
FN:11,probeWebGPU
FN:77,(anonymous_1)
FN:85,(anonymous_2)
FN:91,(anonymous_3)
FNF:4
FNH:0
FNDA:0,probeWebGPU
FNDA:0,(anonymous_1)
FNDA:0,(anonymous_2)
FNDA:0,(anonymous_3)
DA:12,0
DA:14,0
DA:15,0
DA:22,0
DA:23,0
DA:27,0
DA:28,0
DA:35,0
DA:41,0
DA:42,0
DA:50,0
DA:51,0
DA:52,0
DA:59,0
DA:66,0
DA:68,0
DA:69,0
DA:77,0
DA:78,0
DA:79,0
DA:80,0
DA:85,0
DA:86,0
DA:89,0
DA:90,0
DA:91,0
DA:94,0
DA:103,0
DA:111,0
LF:29
LH:0
BRDA:14,0,0,0
BRDA:14,0,1,0
BRDA:27,1,0,0
BRDA:27,1,1,0
BRDA:36,2,0,0
BRDA:36,2,1,0
BRDA:37,3,0,0
BRDA:37,3,1,0
BRDA:38,4,0,0
BRDA:38,4,1,0
BRDA:51,5,0,0
BRDA:51,5,1,0
BRDA:68,6,0,0
BRDA:68,6,1,0
BRDA:79,7,0,0
BRDA:79,7,1,0
BRDA:90,8,0,0
BRDA:90,8,1,0
BRDA:105,9,0,0
BRDA:105,9,1,0
BRF:20
BRH:0
end_of_record
TN:
SF:renderer/webgpu-safety.js
FN:15,(anonymous_0)
FN:34,(anonymous_1)
FN:42,(anonymous_2)
FN:65,(anonymous_3)
FN:76,(anonymous_4)
FNF:5
FNH:0
FNDA:0,(anonymous_0)
FNDA:0,(anonymous_1)
FNDA:0,(anonymous_2)
FNDA:0,(anonymous_3)
FNDA:0,(anonymous_4)
DA:16,0
DA:17,0
DA:19,0
DA:20,0
DA:21,0
DA:22,0
DA:23,0
DA:25,0
DA:27,0
DA:35,0
DA:37,0
DA:38,0
DA:39,0
DA:42,0
DA:43,0
DA:45,0
DA:46,0
DA:47,0
DA:48,0
DA:50,0
DA:51,0
DA:52,0
DA:53,0
DA:56,0
DA:59,0
DA:66,0
DA:67,0
DA:68,0
DA:69,0
DA:73,0
DA:77,0
DA:81,0
LF:32
LH:0
BRDA:15,0,0,0
BRDA:17,1,0,0
BRDA:17,1,1,0
BRDA:35,2,0,0
BRDA:35,2,1,0
BRDA:38,3,0,0
BRDA:38,3,1,0
BRDA:46,4,0,0
BRDA:46,4,1,0
BRDA:50,5,0,0
BRDA:50,5,1,0
BRDA:52,6,0,0
BRDA:52,6,1,0
BRDA:66,7,0,0
BRDA:66,7,1,0
BRF:15
BRH:0
end_of_record
